{"C:\\Users\\Owner\\Documents\\GitHub\\Intervals-In-Node\\main.js":{"path":"C:\\Users\\Owner\\Documents\\GitHub\\Intervals-In-Node\\main.js","s":{"1":1,"2":1,"3":1,"4":1,"5":1,"6":1,"7":1,"8":1,"9":1},"b":{},"f":{},"fnMap":{},"statementMap":{"1":{"start":{"line":1,"column":0},"end":{"line":2,"column":53}},"2":{"start":{"line":4,"column":0},"end":{"line":4,"column":29}},"3":{"start":{"line":6,"column":0},"end":{"line":6,"column":42}},"4":{"start":{"line":7,"column":0},"end":{"line":7,"column":44}},"5":{"start":{"line":8,"column":0},"end":{"line":8,"column":42}},"6":{"start":{"line":9,"column":0},"end":{"line":9,"column":48}},"7":{"start":{"line":10,"column":0},"end":{"line":10,"column":42}},"8":{"start":{"line":11,"column":0},"end":{"line":11,"column":48}},"9":{"start":{"line":12,"column":0},"end":{"line":12,"column":50}}},"branchMap":{}},"C:\\Users\\Owner\\Documents\\GitHub\\Intervals-In-Node\\src\\DiscreteRanges.js":{"path":"C:\\Users\\Owner\\Documents\\GitHub\\Intervals-In-Node\\src\\DiscreteRanges.js","s":{"1":1,"2":1,"3":1,"4":1,"5":42,"6":40,"7":40,"8":40,"9":0,"10":40,"11":40,"12":4,"13":40,"14":0,"15":0,"16":40,"17":40,"18":4,"19":2,"20":3,"21":0,"22":3,"23":5,"24":2,"25":3,"26":39,"27":39,"28":37,"29":37,"30":1,"31":3,"32":3,"33":3,"34":3,"35":0,"36":3,"37":3,"38":0,"39":3,"40":4,"41":0,"42":4,"43":4,"44":0,"45":4,"46":0,"47":0,"48":0,"49":1},"b":{"1":[0,40],"2":[40,32],"3":[4,36],"4":[40,32],"5":[0,40],"6":[40,32,31],"7":[0,3],"8":[3,3],"9":[2,3],"10":[0,3],"11":[0,3],"12":[0,4],"13":[0,4]},"f":{"1":42,"2":4,"3":2,"4":3,"5":5,"6":39,"7":1,"8":3,"9":3,"10":4,"11":0,"12":0},"fnMap":{"1":{"name":"(anonymous_1)","line":18,"loc":{"start":{"line":18,"column":15},"end":{"line":18,"column":37}}},"2":{"name":"(anonymous_2)","line":46,"loc":{"start":{"line":46,"column":8},"end":{"line":46,"column":15}}},"3":{"name":"(anonymous_3)","line":56,"loc":{"start":{"line":56,"column":8},"end":{"line":56,"column":15}}},"4":{"name":"(anonymous_4)","line":66,"loc":{"start":{"line":66,"column":8},"end":{"line":66,"column":11}}},"5":{"name":"(anonymous_5)","line":75,"loc":{"start":{"line":75,"column":12},"end":{"line":75,"column":20}}},"6":{"name":"(anonymous_6)","line":97,"loc":{"start":{"line":97,"column":15},"end":{"line":97,"column":31}}},"7":{"name":"(anonymous_7)","line":113,"loc":{"start":{"line":113,"column":10},"end":{"line":113,"column":13}}},"8":{"name":"(anonymous_8)","line":129,"loc":{"start":{"line":129,"column":15},"end":{"line":129,"column":29}}},"9":{"name":"(anonymous_9)","line":145,"loc":{"start":{"line":145,"column":8},"end":{"line":145,"column":15}}},"10":{"name":"(anonymous_10)","line":165,"loc":{"start":{"line":165,"column":8},"end":{"line":165,"column":15}}},"11":{"name":"(anonymous_11)","line":182,"loc":{"start":{"line":182,"column":15},"end":{"line":182,"column":31}}},"12":{"name":"(anonymous_12)","line":190,"loc":{"start":{"line":190,"column":15},"end":{"line":190,"column":31}}}},"statementMap":{"1":{"start":{"line":1,"column":0},"end":{"line":1,"column":39}},"2":{"start":{"line":2,"column":0},"end":{"line":2,"column":32}},"3":{"start":{"line":4,"column":0},"end":{"line":4,"column":87}},"4":{"start":{"line":5,"column":0},"end":{"line":5,"column":75}},"5":{"start":{"line":19,"column":8},"end":{"line":19,"column":24}},"6":{"start":{"line":20,"column":8},"end":{"line":20,"column":25}},"7":{"start":{"line":21,"column":8},"end":{"line":21,"column":28}},"8":{"start":{"line":22,"column":8},"end":{"line":24,"column":9}},"9":{"start":{"line":23,"column":12},"end":{"line":23,"column":31}},"10":{"start":{"line":26,"column":8},"end":{"line":26,"column":28}},"11":{"start":{"line":27,"column":8},"end":{"line":29,"column":9}},"12":{"start":{"line":28,"column":12},"end":{"line":28,"column":31}},"13":{"start":{"line":30,"column":8},"end":{"line":37,"column":9}},"14":{"start":{"line":31,"column":12},"end":{"line":31,"column":46}},"15":{"start":{"line":32,"column":12},"end":{"line":32,"column":87}},"16":{"start":{"line":35,"column":12},"end":{"line":35,"column":71}},"17":{"start":{"line":36,"column":12},"end":{"line":36,"column":83}},"18":{"start":{"line":47,"column":8},"end":{"line":47,"column":32}},"19":{"start":{"line":57,"column":8},"end":{"line":57,"column":32}},"20":{"start":{"line":67,"column":8},"end":{"line":72,"column":9}},"21":{"start":{"line":68,"column":12},"end":{"line":68,"column":24}},"22":{"start":{"line":71,"column":12},"end":{"line":71,"column":41}},"23":{"start":{"line":77,"column":8},"end":{"line":82,"column":9}},"24":{"start":{"line":78,"column":12},"end":{"line":78,"column":41}},"25":{"start":{"line":81,"column":12},"end":{"line":81,"column":41}},"26":{"start":{"line":98,"column":8},"end":{"line":98,"column":30}},"27":{"start":{"line":99,"column":8},"end":{"line":99,"column":27}},"28":{"start":{"line":100,"column":8},"end":{"line":100,"column":56}},"29":{"start":{"line":105,"column":8},"end":{"line":105,"column":34}},"30":{"start":{"line":114,"column":8},"end":{"line":114,"column":39}},"31":{"start":{"line":130,"column":8},"end":{"line":130,"column":31}},"32":{"start":{"line":131,"column":8},"end":{"line":131,"column":27}},"33":{"start":{"line":136,"column":8},"end":{"line":136,"column":34}},"34":{"start":{"line":146,"column":8},"end":{"line":148,"column":9}},"35":{"start":{"line":147,"column":12},"end":{"line":147,"column":22}},"36":{"start":{"line":149,"column":8},"end":{"line":149,"column":48}},"37":{"start":{"line":151,"column":8},"end":{"line":156,"column":9}},"38":{"start":{"line":152,"column":16},"end":{"line":152,"column":76}},"39":{"start":{"line":155,"column":12},"end":{"line":155,"column":79}},"40":{"start":{"line":166,"column":8},"end":{"line":168,"column":9}},"41":{"start":{"line":167,"column":12},"end":{"line":167,"column":22}},"42":{"start":{"line":170,"column":8},"end":{"line":170,"column":48}},"43":{"start":{"line":172,"column":8},"end":{"line":177,"column":9}},"44":{"start":{"line":173,"column":12},"end":{"line":173,"column":76}},"45":{"start":{"line":176,"column":12},"end":{"line":176,"column":79}},"46":{"start":{"line":183,"column":8},"end":{"line":183,"column":27}},"47":{"start":{"line":184,"column":8},"end":{"line":184,"column":27}},"48":{"start":{"line":191,"column":8},"end":{"line":191,"column":27}},"49":{"start":{"line":196,"column":0},"end":{"line":201,"column":2}}},"branchMap":{"1":{"line":22,"type":"if","locations":[{"start":{"line":22,"column":8},"end":{"line":22,"column":8}},{"start":{"line":22,"column":8},"end":{"line":22,"column":8}}]},"2":{"line":22,"type":"binary-expr","locations":[{"start":{"line":22,"column":12},"end":{"line":22,"column":22}},{"start":{"line":22,"column":26},"end":{"line":22,"column":40}}]},"3":{"line":27,"type":"if","locations":[{"start":{"line":27,"column":8},"end":{"line":27,"column":8}},{"start":{"line":27,"column":8},"end":{"line":27,"column":8}}]},"4":{"line":27,"type":"binary-expr","locations":[{"start":{"line":27,"column":12},"end":{"line":27,"column":22}},{"start":{"line":27,"column":26},"end":{"line":27,"column":39}}]},"5":{"line":30,"type":"if","locations":[{"start":{"line":30,"column":8},"end":{"line":30,"column":8}},{"start":{"line":30,"column":8},"end":{"line":30,"column":8}}]},"6":{"line":30,"type":"binary-expr","locations":[{"start":{"line":30,"column":12},"end":{"line":30,"column":22}},{"start":{"line":30,"column":26},"end":{"line":30,"column":36}},{"start":{"line":30,"column":40},"end":{"line":30,"column":48}}]},"7":{"line":67,"type":"if","locations":[{"start":{"line":67,"column":8},"end":{"line":67,"column":8}},{"start":{"line":67,"column":8},"end":{"line":67,"column":8}}]},"8":{"line":67,"type":"binary-expr","locations":[{"start":{"line":67,"column":12},"end":{"line":67,"column":17}},{"start":{"line":67,"column":21},"end":{"line":67,"column":32}}]},"9":{"line":77,"type":"if","locations":[{"start":{"line":77,"column":8},"end":{"line":77,"column":8}},{"start":{"line":77,"column":8},"end":{"line":77,"column":8}}]},"10":{"line":146,"type":"if","locations":[{"start":{"line":146,"column":8},"end":{"line":146,"column":8}},{"start":{"line":146,"column":8},"end":{"line":146,"column":8}}]},"11":{"line":151,"type":"if","locations":[{"start":{"line":151,"column":8},"end":{"line":151,"column":8}},{"start":{"line":151,"column":8},"end":{"line":151,"column":8}}]},"12":{"line":166,"type":"if","locations":[{"start":{"line":166,"column":8},"end":{"line":166,"column":8}},{"start":{"line":166,"column":8},"end":{"line":166,"column":8}}]},"13":{"line":172,"type":"if","locations":[{"start":{"line":172,"column":8},"end":{"line":172,"column":8}},{"start":{"line":172,"column":8},"end":{"line":172,"column":8}}]}}},"C:\\Users\\Owner\\Documents\\GitHub\\Intervals-In-Node\\src\\Range.js":{"path":"C:\\Users\\Owner\\Documents\\GitHub\\Intervals-In-Node\\src\\Range.js","s":{"1":1,"2":1,"3":1,"4":53,"5":2,"6":51,"7":2,"8":49,"9":0,"10":49,"11":49,"12":49,"13":49,"14":49,"15":49,"16":9,"17":9,"18":9,"19":9,"20":9,"21":9,"22":61,"23":54,"24":54,"25":61,"26":54,"27":54,"28":61,"29":45,"30":45,"31":61,"32":6,"33":6,"34":61,"35":98,"36":21,"37":13,"38":10,"39":0,"40":10,"41":3,"42":7,"43":3,"44":2,"45":2,"46":2,"47":2,"48":2,"49":2,"50":2,"51":1,"52":13,"53":13,"54":0,"55":13,"56":11,"57":11,"58":2,"59":2,"60":13,"61":1,"62":12,"63":4,"64":2,"65":2,"66":0,"67":2,"68":2,"69":1,"70":1,"71":0,"72":1,"73":0,"74":1,"75":1,"76":1,"77":1,"78":0,"79":0,"80":1,"81":0,"82":1,"83":1,"84":0,"85":0,"86":1,"87":1,"88":1,"89":0,"90":0,"91":1,"92":4,"93":1,"94":3,"95":0,"96":3,"97":1,"98":2,"99":0,"100":2,"101":1,"102":1,"103":1,"104":3,"105":1,"106":2,"107":1,"108":1,"109":1,"110":1,"111":5,"112":3,"113":1,"114":2,"115":2,"116":2,"117":1,"118":1,"119":0,"120":6,"121":3,"122":3,"123":0,"124":3,"125":2,"126":1,"127":1,"128":1,"129":19,"130":16,"131":4,"132":12,"133":1,"134":11,"135":1,"136":10,"137":3,"138":2,"139":1,"140":32,"141":29,"142":1,"143":28,"144":1,"145":27,"146":2,"147":25,"148":3,"149":2,"150":1,"151":5,"152":1,"153":4,"154":3,"155":1,"156":2,"157":1},"b":{"1":[2,51],"2":[53,43],"3":[2,49],"4":[51,39],"5":[0,49],"6":[49,37,34],"7":[49,10],"8":[49,12],"9":[2,47],"10":[49,44],"11":[54,7],"12":[54,7],"13":[45,16],"14":[6,55],"15":[10,3],"16":[0,10],"17":[3,7],"18":[10,10,6],"19":[2,1],"20":[2,0],"21":[2,0],"22":[2,1],"23":[0,13],"24":[13,13],"25":[11,2],"26":[1,12],"27":[13,13],"28":[12,5,3,1],"29":[2,2],"30":[0,2],"31":[2,2],"32":[2,0,2,1],"33":[1,1],"34":[0,1],"35":[0,1],"36":[1,0],"37":[0,1],"38":[1,0],"39":[0,1],"40":[0,0],"41":[1,0],"42":[1,3],"43":[0,3],"44":[3,3,3],"45":[1,2],"46":[0,2],"47":[2,0],"48":[0,0],"49":[1,1],"50":[1,0],"51":[1,2],"52":[1,1],"53":[2,2,2],"54":[1,0],"55":[1,0],"56":[3,2],"57":[1,2],"58":[2,0],"59":[1,1],"60":[3,3],"61":[3,0],"62":[2,1],"63":[1,1],"64":[16,3],"65":[4,12],"66":[4,1],"67":[1,11],"68":[1,10],"69":[2,1],"70":[29,3],"71":[1,28],"72":[1,1],"73":[1,27],"74":[2,25],"75":[2,1],"76":[1,4],"77":[4,4],"78":[1,2]},"f":{"1":53,"2":9,"3":61,"4":98,"5":21,"6":13,"7":13,"8":4,"9":2,"10":4,"11":3,"12":5,"13":6,"14":19,"15":32,"16":5,"17":3},"fnMap":{"1":{"name":"(anonymous_1)","line":25,"loc":{"start":{"line":25,"column":15},"end":{"line":25,"column":31}}},"2":{"name":"(anonymous_2)","line":74,"loc":{"start":{"line":74,"column":9},"end":{"line":74,"column":12}}},"3":{"name":"(anonymous_3)","line":94,"loc":{"start":{"line":94,"column":11},"end":{"line":94,"column":27}}},"4":{"name":"(anonymous_4)","line":121,"loc":{"start":{"line":121,"column":16},"end":{"line":121,"column":22}}},"5":{"name":"(anonymous_5)","line":131,"loc":{"start":{"line":131,"column":17},"end":{"line":131,"column":26}}},"6":{"name":"(anonymous_6)","line":142,"loc":{"start":{"line":142,"column":12},"end":{"line":142,"column":20}}},"7":{"name":"(anonymous_7)","line":178,"loc":{"start":{"line":178,"column":11},"end":{"line":178,"column":19}}},"8":{"name":"(anonymous_8)","line":205,"loc":{"start":{"line":205,"column":12},"end":{"line":205,"column":20}}},"9":{"name":"(anonymous_9)","line":222,"loc":{"start":{"line":222,"column":9},"end":{"line":222,"column":17}}},"10":{"name":"(anonymous_10)","line":266,"loc":{"start":{"line":266,"column":14},"end":{"line":266,"column":22}}},"11":{"name":"(anonymous_11)","line":295,"loc":{"start":{"line":295,"column":16},"end":{"line":295,"column":24}}},"12":{"name":"(anonymous_12)","line":316,"loc":{"start":{"line":316,"column":14},"end":{"line":316,"column":22}}},"13":{"name":"(anonymous_13)","line":344,"loc":{"start":{"line":344,"column":12},"end":{"line":344,"column":20}}},"14":{"name":"(anonymous_14)","line":372,"loc":{"start":{"line":372,"column":15},"end":{"line":372,"column":23}}},"15":{"name":"(anonymous_15)","line":401,"loc":{"start":{"line":401,"column":14},"end":{"line":401,"column":22}}},"16":{"name":"(anonymous_16)","line":430,"loc":{"start":{"line":430,"column":10},"end":{"line":430,"column":18}}},"17":{"name":"(anonymous_17)","line":443,"loc":{"start":{"line":443,"column":11},"end":{"line":443,"column":19}}}},"statementMap":{"1":{"start":{"line":1,"column":0},"end":{"line":1,"column":35}},"2":{"start":{"line":9,"column":0},"end":{"line":9,"column":87}},"3":{"start":{"line":10,"column":0},"end":{"line":10,"column":75}},"4":{"start":{"line":26,"column":8},"end":{"line":28,"column":9}},"5":{"start":{"line":27,"column":12},"end":{"line":27,"column":60}},"6":{"start":{"line":30,"column":8},"end":{"line":32,"column":9}},"7":{"start":{"line":31,"column":12},"end":{"line":31,"column":60}},"8":{"start":{"line":34,"column":8},"end":{"line":36,"column":9}},"9":{"start":{"line":35,"column":12},"end":{"line":35,"column":69}},"10":{"start":{"line":38,"column":9},"end":{"line":44,"column":10}},"11":{"start":{"line":46,"column":8},"end":{"line":46,"column":116}},"12":{"start":{"line":51,"column":8},"end":{"line":51,"column":39}},"13":{"start":{"line":56,"column":8},"end":{"line":56,"column":39}},"14":{"start":{"line":61,"column":8},"end":{"line":61,"column":45}},"15":{"start":{"line":66,"column":8},"end":{"line":66,"column":45}},"16":{"start":{"line":75,"column":8},"end":{"line":75,"column":42}},"17":{"start":{"line":76,"column":8},"end":{"line":76,"column":39}},"18":{"start":{"line":77,"column":8},"end":{"line":77,"column":39}},"19":{"start":{"line":78,"column":8},"end":{"line":78,"column":45}},"20":{"start":{"line":79,"column":8},"end":{"line":79,"column":45}},"21":{"start":{"line":80,"column":8},"end":{"line":80,"column":20}},"22":{"start":{"line":95,"column":8},"end":{"line":98,"column":9}},"23":{"start":{"line":96,"column":12},"end":{"line":96,"column":47}},"24":{"start":{"line":97,"column":12},"end":{"line":97,"column":40}},"25":{"start":{"line":99,"column":8},"end":{"line":102,"column":9}},"26":{"start":{"line":100,"column":12},"end":{"line":100,"column":47}},"27":{"start":{"line":101,"column":12},"end":{"line":101,"column":40}},"28":{"start":{"line":103,"column":8},"end":{"line":106,"column":9}},"29":{"start":{"line":104,"column":12},"end":{"line":104,"column":53}},"30":{"start":{"line":105,"column":12},"end":{"line":105,"column":46}},"31":{"start":{"line":107,"column":8},"end":{"line":110,"column":9}},"32":{"start":{"line":108,"column":12},"end":{"line":108,"column":53}},"33":{"start":{"line":109,"column":12},"end":{"line":109,"column":46}},"34":{"start":{"line":111,"column":8},"end":{"line":111,"column":20}},"35":{"start":{"line":122,"column":8},"end":{"line":122,"column":41}},"36":{"start":{"line":132,"column":8},"end":{"line":132,"column":51}},"37":{"start":{"line":143,"column":8},"end":{"line":169,"column":9}},"38":{"start":{"line":144,"column":12},"end":{"line":152,"column":13}},"39":{"start":{"line":145,"column":16},"end":{"line":145,"column":30}},"40":{"start":{"line":147,"column":17},"end":{"line":152,"column":13}},"41":{"start":{"line":148,"column":16},"end":{"line":148,"column":28}},"42":{"start":{"line":151,"column":16},"end":{"line":151,"column":29}},"43":{"start":{"line":154,"column":13},"end":{"line":169,"column":9}},"44":{"start":{"line":155,"column":12},"end":{"line":155,"column":33}},"45":{"start":{"line":156,"column":12},"end":{"line":158,"column":13}},"46":{"start":{"line":157,"column":16},"end":{"line":157,"column":49}},"47":{"start":{"line":160,"column":12},"end":{"line":160,"column":33}},"48":{"start":{"line":161,"column":12},"end":{"line":163,"column":13}},"49":{"start":{"line":162,"column":16},"end":{"line":162,"column":50}},"50":{"start":{"line":165,"column":12},"end":{"line":165,"column":42}},"51":{"start":{"line":168,"column":12},"end":{"line":168,"column":70}},"52":{"start":{"line":179,"column":8},"end":{"line":179,"column":17}},"53":{"start":{"line":180,"column":8},"end":{"line":182,"column":9}},"54":{"start":{"line":181,"column":12},"end":{"line":181,"column":25}},"55":{"start":{"line":184,"column":8},"end":{"line":191,"column":9}},"56":{"start":{"line":185,"column":12},"end":{"line":185,"column":21}},"57":{"start":{"line":186,"column":12},"end":{"line":186,"column":22}},"58":{"start":{"line":189,"column":12},"end":{"line":189,"column":22}},"59":{"start":{"line":190,"column":12},"end":{"line":190,"column":21}},"60":{"start":{"line":193,"column":8},"end":{"line":195,"column":9}},"61":{"start":{"line":194,"column":12},"end":{"line":194,"column":24}},"62":{"start":{"line":196,"column":8},"end":{"line":196,"column":84}},"63":{"start":{"line":206,"column":8},"end":{"line":211,"column":9}},"64":{"start":{"line":207,"column":12},"end":{"line":207,"column":70}},"65":{"start":{"line":209,"column":13},"end":{"line":211,"column":9}},"66":{"start":{"line":210,"column":12},"end":{"line":210,"column":25}},"67":{"start":{"line":212,"column":8},"end":{"line":212,"column":144}},"68":{"start":{"line":223,"column":8},"end":{"line":225,"column":9}},"69":{"start":{"line":224,"column":12},"end":{"line":224,"column":66}},"70":{"start":{"line":226,"column":8},"end":{"line":227,"column":41}},"71":{"start":{"line":226,"column":21},"end":{"line":226,"column":34}},"72":{"start":{"line":227,"column":13},"end":{"line":227,"column":41}},"73":{"start":{"line":227,"column":27},"end":{"line":227,"column":39}},"74":{"start":{"line":228,"column":8},"end":{"line":228,"column":17}},"75":{"start":{"line":229,"column":8},"end":{"line":236,"column":9}},"76":{"start":{"line":230,"column":12},"end":{"line":230,"column":21}},"77":{"start":{"line":231,"column":12},"end":{"line":231,"column":22}},"78":{"start":{"line":234,"column":12},"end":{"line":234,"column":22}},"79":{"start":{"line":235,"column":12},"end":{"line":235,"column":21}},"80":{"start":{"line":238,"column":8},"end":{"line":240,"column":9}},"81":{"start":{"line":239,"column":12},"end":{"line":239,"column":77}},"82":{"start":{"line":242,"column":8},"end":{"line":242,"column":28}},"83":{"start":{"line":243,"column":8},"end":{"line":254,"column":9}},"84":{"start":{"line":244,"column":12},"end":{"line":244,"column":28}},"85":{"start":{"line":245,"column":12},"end":{"line":245,"column":48}},"86":{"start":{"line":247,"column":13},"end":{"line":254,"column":9}},"87":{"start":{"line":248,"column":12},"end":{"line":248,"column":28}},"88":{"start":{"line":249,"column":12},"end":{"line":249,"column":34}},"89":{"start":{"line":252,"column":12},"end":{"line":252,"column":28}},"90":{"start":{"line":253,"column":12},"end":{"line":253,"column":34}},"91":{"start":{"line":256,"column":8},"end":{"line":256,"column":121}},"92":{"start":{"line":267,"column":8},"end":{"line":269,"column":9}},"93":{"start":{"line":268,"column":12},"end":{"line":268,"column":71}},"94":{"start":{"line":271,"column":8},"end":{"line":285,"column":9}},"95":{"start":{"line":272,"column":12},"end":{"line":272,"column":24}},"96":{"start":{"line":274,"column":13},"end":{"line":285,"column":9}},"97":{"start":{"line":275,"column":12},"end":{"line":275,"column":32}},"98":{"start":{"line":277,"column":13},"end":{"line":285,"column":9}},"99":{"start":{"line":278,"column":12},"end":{"line":278,"column":73}},"100":{"start":{"line":280,"column":13},"end":{"line":285,"column":9}},"101":{"start":{"line":281,"column":12},"end":{"line":281,"column":79}},"102":{"start":{"line":283,"column":13},"end":{"line":285,"column":9}},"103":{"start":{"line":284,"column":12},"end":{"line":284,"column":79}},"104":{"start":{"line":296,"column":8},"end":{"line":298,"column":9}},"105":{"start":{"line":297,"column":12},"end":{"line":297,"column":73}},"106":{"start":{"line":300,"column":8},"end":{"line":302,"column":9}},"107":{"start":{"line":301,"column":12},"end":{"line":301,"column":32}},"108":{"start":{"line":304,"column":8},"end":{"line":304,"column":66}},"109":{"start":{"line":305,"column":8},"end":{"line":305,"column":65}},"110":{"start":{"line":307,"column":8},"end":{"line":307,"column":98}},"111":{"start":{"line":317,"column":8},"end":{"line":335,"column":9}},"112":{"start":{"line":318,"column":12},"end":{"line":323,"column":13}},"113":{"start":{"line":319,"column":16},"end":{"line":319,"column":50}},"114":{"start":{"line":322,"column":16},"end":{"line":322,"column":29}},"115":{"start":{"line":325,"column":13},"end":{"line":335,"column":9}},"116":{"start":{"line":326,"column":12},"end":{"line":331,"column":13}},"117":{"start":{"line":327,"column":16},"end":{"line":327,"column":44}},"118":{"start":{"line":330,"column":16},"end":{"line":330,"column":29}},"119":{"start":{"line":334,"column":12},"end":{"line":334,"column":72}},"120":{"start":{"line":345,"column":8},"end":{"line":363,"column":9}},"121":{"start":{"line":346,"column":12},"end":{"line":351,"column":13}},"122":{"start":{"line":347,"column":16},"end":{"line":347,"column":50}},"123":{"start":{"line":350,"column":16},"end":{"line":350,"column":29}},"124":{"start":{"line":353,"column":13},"end":{"line":363,"column":9}},"125":{"start":{"line":354,"column":12},"end":{"line":359,"column":13}},"126":{"start":{"line":355,"column":16},"end":{"line":355,"column":44}},"127":{"start":{"line":358,"column":16},"end":{"line":358,"column":29}},"128":{"start":{"line":362,"column":12},"end":{"line":362,"column":70}},"129":{"start":{"line":373,"column":8},"end":{"line":392,"column":9}},"130":{"start":{"line":374,"column":12},"end":{"line":385,"column":13}},"131":{"start":{"line":375,"column":16},"end":{"line":375,"column":56}},"132":{"start":{"line":377,"column":17},"end":{"line":385,"column":13}},"133":{"start":{"line":378,"column":16},"end":{"line":378,"column":29}},"134":{"start":{"line":380,"column":17},"end":{"line":385,"column":13}},"135":{"start":{"line":381,"column":16},"end":{"line":381,"column":28}},"136":{"start":{"line":384,"column":16},"end":{"line":384,"column":48}},"137":{"start":{"line":387,"column":13},"end":{"line":392,"column":9}},"138":{"start":{"line":388,"column":12},"end":{"line":388,"column":39}},"139":{"start":{"line":391,"column":12},"end":{"line":391,"column":73}},"140":{"start":{"line":402,"column":8},"end":{"line":421,"column":9}},"141":{"start":{"line":403,"column":12},"end":{"line":414,"column":13}},"142":{"start":{"line":404,"column":16},"end":{"line":404,"column":56}},"143":{"start":{"line":406,"column":17},"end":{"line":414,"column":13}},"144":{"start":{"line":407,"column":16},"end":{"line":407,"column":29}},"145":{"start":{"line":409,"column":17},"end":{"line":414,"column":13}},"146":{"start":{"line":410,"column":16},"end":{"line":410,"column":28}},"147":{"start":{"line":413,"column":16},"end":{"line":413,"column":49}},"148":{"start":{"line":416,"column":13},"end":{"line":421,"column":9}},"149":{"start":{"line":417,"column":12},"end":{"line":417,"column":39}},"150":{"start":{"line":420,"column":12},"end":{"line":420,"column":72}},"151":{"start":{"line":431,"column":8},"end":{"line":433,"column":9}},"152":{"start":{"line":432,"column":12},"end":{"line":432,"column":68}},"153":{"start":{"line":434,"column":8},"end":{"line":434,"column":64}},"154":{"start":{"line":444,"column":8},"end":{"line":446,"column":9}},"155":{"start":{"line":445,"column":12},"end":{"line":445,"column":69}},"156":{"start":{"line":447,"column":8},"end":{"line":447,"column":34}},"157":{"start":{"line":451,"column":0},"end":{"line":451,"column":28}}},"branchMap":{"1":{"line":26,"type":"if","locations":[{"start":{"line":26,"column":8},"end":{"line":26,"column":8}},{"start":{"line":26,"column":8},"end":{"line":26,"column":8}}]},"2":{"line":26,"type":"binary-expr","locations":[{"start":{"line":26,"column":12},"end":{"line":26,"column":26}},{"start":{"line":26,"column":30},"end":{"line":26,"column":76}}]},"3":{"line":30,"type":"if","locations":[{"start":{"line":30,"column":8},"end":{"line":30,"column":8}},{"start":{"line":30,"column":8},"end":{"line":30,"column":8}}]},"4":{"line":30,"type":"binary-expr","locations":[{"start":{"line":30,"column":12},"end":{"line":30,"column":26}},{"start":{"line":30,"column":30},"end":{"line":30,"column":76}}]},"5":{"line":34,"type":"if","locations":[{"start":{"line":34,"column":8},"end":{"line":34,"column":8}},{"start":{"line":34,"column":8},"end":{"line":34,"column":8}}]},"6":{"line":34,"type":"binary-expr","locations":[{"start":{"line":34,"column":12},"end":{"line":34,"column":26}},{"start":{"line":34,"column":30},"end":{"line":34,"column":44}},{"start":{"line":34,"column":48},"end":{"line":34,"column":79}}]},"7":{"line":40,"type":"binary-expr","locations":[{"start":{"line":40,"column":19},"end":{"line":40,"column":33}},{"start":{"line":40,"column":37},"end":{"line":40,"column":41}}]},"8":{"line":41,"type":"binary-expr","locations":[{"start":{"line":41,"column":19},"end":{"line":41,"column":33}},{"start":{"line":41,"column":37},"end":{"line":41,"column":41}}]},"9":{"line":42,"type":"cond-expr","locations":[{"start":{"line":42,"column":54},"end":{"line":42,"column":71}},{"start":{"line":42,"column":74},"end":{"line":42,"column":78}}]},"10":{"line":43,"type":"binary-expr","locations":[{"start":{"line":43,"column":22},"end":{"line":43,"column":39}},{"start":{"line":43,"column":43},"end":{"line":43,"column":48}}]},"11":{"line":95,"type":"if","locations":[{"start":{"line":95,"column":8},"end":{"line":95,"column":8}},{"start":{"line":95,"column":8},"end":{"line":95,"column":8}}]},"12":{"line":99,"type":"if","locations":[{"start":{"line":99,"column":8},"end":{"line":99,"column":8}},{"start":{"line":99,"column":8},"end":{"line":99,"column":8}}]},"13":{"line":103,"type":"if","locations":[{"start":{"line":103,"column":8},"end":{"line":103,"column":8}},{"start":{"line":103,"column":8},"end":{"line":103,"column":8}}]},"14":{"line":107,"type":"if","locations":[{"start":{"line":107,"column":8},"end":{"line":107,"column":8}},{"start":{"line":107,"column":8},"end":{"line":107,"column":8}}]},"15":{"line":143,"type":"if","locations":[{"start":{"line":143,"column":8},"end":{"line":143,"column":8}},{"start":{"line":143,"column":8},"end":{"line":143,"column":8}}]},"16":{"line":144,"type":"if","locations":[{"start":{"line":144,"column":12},"end":{"line":144,"column":12}},{"start":{"line":144,"column":12},"end":{"line":144,"column":12}}]},"17":{"line":147,"type":"if","locations":[{"start":{"line":147,"column":17},"end":{"line":147,"column":17}},{"start":{"line":147,"column":17},"end":{"line":147,"column":17}}]},"18":{"line":147,"type":"binary-expr","locations":[{"start":{"line":147,"column":21},"end":{"line":147,"column":27}},{"start":{"line":147,"column":31},"end":{"line":147,"column":54}},{"start":{"line":147,"column":58},"end":{"line":147,"column":80}}]},"19":{"line":154,"type":"if","locations":[{"start":{"line":154,"column":13},"end":{"line":154,"column":13}},{"start":{"line":154,"column":13},"end":{"line":154,"column":13}}]},"20":{"line":156,"type":"if","locations":[{"start":{"line":156,"column":12},"end":{"line":156,"column":12}},{"start":{"line":156,"column":12},"end":{"line":156,"column":12}}]},"21":{"line":161,"type":"if","locations":[{"start":{"line":161,"column":12},"end":{"line":161,"column":12}},{"start":{"line":161,"column":12},"end":{"line":161,"column":12}}]},"22":{"line":165,"type":"binary-expr","locations":[{"start":{"line":165,"column":19},"end":{"line":165,"column":28}},{"start":{"line":165,"column":32},"end":{"line":165,"column":41}}]},"23":{"line":180,"type":"if","locations":[{"start":{"line":180,"column":8},"end":{"line":180,"column":8}},{"start":{"line":180,"column":8},"end":{"line":180,"column":8}}]},"24":{"line":180,"type":"binary-expr","locations":[{"start":{"line":180,"column":12},"end":{"line":180,"column":17}},{"start":{"line":180,"column":21},"end":{"line":180,"column":27}}]},"25":{"line":184,"type":"if","locations":[{"start":{"line":184,"column":8},"end":{"line":184,"column":8}},{"start":{"line":184,"column":8},"end":{"line":184,"column":8}}]},"26":{"line":193,"type":"if","locations":[{"start":{"line":193,"column":8},"end":{"line":193,"column":8}},{"start":{"line":193,"column":8},"end":{"line":193,"column":8}}]},"27":{"line":193,"type":"binary-expr","locations":[{"start":{"line":193,"column":12},"end":{"line":193,"column":20}},{"start":{"line":193,"column":24},"end":{"line":193,"column":32}}]},"28":{"line":196,"type":"binary-expr","locations":[{"start":{"line":196,"column":15},"end":{"line":196,"column":32}},{"start":{"line":196,"column":36},"end":{"line":196,"column":55}},{"start":{"line":196,"column":59},"end":{"line":196,"column":69}},{"start":{"line":196,"column":73},"end":{"line":196,"column":83}}]},"29":{"line":206,"type":"if","locations":[{"start":{"line":206,"column":8},"end":{"line":206,"column":8}},{"start":{"line":206,"column":8},"end":{"line":206,"column":8}}]},"30":{"line":209,"type":"if","locations":[{"start":{"line":209,"column":13},"end":{"line":209,"column":13}},{"start":{"line":209,"column":13},"end":{"line":209,"column":13}}]},"31":{"line":209,"type":"binary-expr","locations":[{"start":{"line":209,"column":17},"end":{"line":209,"column":22}},{"start":{"line":209,"column":26},"end":{"line":209,"column":32}}]},"32":{"line":212,"type":"binary-expr","locations":[{"start":{"line":212,"column":16},"end":{"line":212,"column":41}},{"start":{"line":212,"column":45},"end":{"line":212,"column":76}},{"start":{"line":212,"column":82},"end":{"line":212,"column":107}},{"start":{"line":212,"column":111},"end":{"line":212,"column":142}}]},"33":{"line":223,"type":"if","locations":[{"start":{"line":223,"column":8},"end":{"line":223,"column":8}},{"start":{"line":223,"column":8},"end":{"line":223,"column":8}}]},"34":{"line":226,"type":"if","locations":[{"start":{"line":226,"column":8},"end":{"line":226,"column":8}},{"start":{"line":226,"column":8},"end":{"line":226,"column":8}}]},"35":{"line":227,"type":"if","locations":[{"start":{"line":227,"column":13},"end":{"line":227,"column":13}},{"start":{"line":227,"column":13},"end":{"line":227,"column":13}}]},"36":{"line":229,"type":"if","locations":[{"start":{"line":229,"column":8},"end":{"line":229,"column":8}},{"start":{"line":229,"column":8},"end":{"line":229,"column":8}}]},"37":{"line":238,"type":"if","locations":[{"start":{"line":238,"column":8},"end":{"line":238,"column":8}},{"start":{"line":238,"column":8},"end":{"line":238,"column":8}}]},"38":{"line":238,"type":"binary-expr","locations":[{"start":{"line":238,"column":12},"end":{"line":238,"column":30}},{"start":{"line":238,"column":34},"end":{"line":238,"column":48}}]},"39":{"line":243,"type":"if","locations":[{"start":{"line":243,"column":8},"end":{"line":243,"column":8}},{"start":{"line":243,"column":8},"end":{"line":243,"column":8}}]},"40":{"line":245,"type":"binary-expr","locations":[{"start":{"line":245,"column":23},"end":{"line":245,"column":33}},{"start":{"line":245,"column":37},"end":{"line":245,"column":47}}]},"41":{"line":247,"type":"if","locations":[{"start":{"line":247,"column":13},"end":{"line":247,"column":13}},{"start":{"line":247,"column":13},"end":{"line":247,"column":13}}]},"42":{"line":267,"type":"if","locations":[{"start":{"line":267,"column":8},"end":{"line":267,"column":8}},{"start":{"line":267,"column":8},"end":{"line":267,"column":8}}]},"43":{"line":271,"type":"if","locations":[{"start":{"line":271,"column":8},"end":{"line":271,"column":8}},{"start":{"line":271,"column":8},"end":{"line":271,"column":8}}]},"44":{"line":271,"type":"binary-expr","locations":[{"start":{"line":271,"column":12},"end":{"line":271,"column":17}},{"start":{"line":271,"column":21},"end":{"line":271,"column":27}},{"start":{"line":271,"column":31},"end":{"line":271,"column":51}}]},"45":{"line":274,"type":"if","locations":[{"start":{"line":274,"column":13},"end":{"line":274,"column":13}},{"start":{"line":274,"column":13},"end":{"line":274,"column":13}}]},"46":{"line":277,"type":"if","locations":[{"start":{"line":277,"column":13},"end":{"line":277,"column":13}},{"start":{"line":277,"column":13},"end":{"line":277,"column":13}}]},"47":{"line":277,"type":"binary-expr","locations":[{"start":{"line":277,"column":17},"end":{"line":277,"column":37}},{"start":{"line":277,"column":41},"end":{"line":277,"column":90}}]},"48":{"line":277,"type":"binary-expr","locations":[{"start":{"line":277,"column":43},"end":{"line":277,"column":65}},{"start":{"line":277,"column":69},"end":{"line":277,"column":89}}]},"49":{"line":280,"type":"if","locations":[{"start":{"line":280,"column":13},"end":{"line":280,"column":13}},{"start":{"line":280,"column":13},"end":{"line":280,"column":13}}]},"50":{"line":283,"type":"if","locations":[{"start":{"line":283,"column":13},"end":{"line":283,"column":13}},{"start":{"line":283,"column":13},"end":{"line":283,"column":13}}]},"51":{"line":296,"type":"if","locations":[{"start":{"line":296,"column":8},"end":{"line":296,"column":8}},{"start":{"line":296,"column":8},"end":{"line":296,"column":8}}]},"52":{"line":300,"type":"if","locations":[{"start":{"line":300,"column":8},"end":{"line":300,"column":8}},{"start":{"line":300,"column":8},"end":{"line":300,"column":8}}]},"53":{"line":300,"type":"binary-expr","locations":[{"start":{"line":300,"column":12},"end":{"line":300,"column":17}},{"start":{"line":300,"column":21},"end":{"line":300,"column":27}},{"start":{"line":300,"column":31},"end":{"line":300,"column":51}}]},"54":{"line":304,"type":"cond-expr","locations":[{"start":{"line":304,"column":53},"end":{"line":304,"column":57}},{"start":{"line":304,"column":60},"end":{"line":304,"column":65}}]},"55":{"line":305,"type":"cond-expr","locations":[{"start":{"line":305,"column":52},"end":{"line":305,"column":56}},{"start":{"line":305,"column":59},"end":{"line":305,"column":64}}]},"56":{"line":317,"type":"if","locations":[{"start":{"line":317,"column":8},"end":{"line":317,"column":8}},{"start":{"line":317,"column":8},"end":{"line":317,"column":8}}]},"57":{"line":318,"type":"if","locations":[{"start":{"line":318,"column":12},"end":{"line":318,"column":12}},{"start":{"line":318,"column":12},"end":{"line":318,"column":12}}]},"58":{"line":325,"type":"if","locations":[{"start":{"line":325,"column":13},"end":{"line":325,"column":13}},{"start":{"line":325,"column":13},"end":{"line":325,"column":13}}]},"59":{"line":326,"type":"if","locations":[{"start":{"line":326,"column":12},"end":{"line":326,"column":12}},{"start":{"line":326,"column":12},"end":{"line":326,"column":12}}]},"60":{"line":345,"type":"if","locations":[{"start":{"line":345,"column":8},"end":{"line":345,"column":8}},{"start":{"line":345,"column":8},"end":{"line":345,"column":8}}]},"61":{"line":346,"type":"if","locations":[{"start":{"line":346,"column":12},"end":{"line":346,"column":12}},{"start":{"line":346,"column":12},"end":{"line":346,"column":12}}]},"62":{"line":353,"type":"if","locations":[{"start":{"line":353,"column":13},"end":{"line":353,"column":13}},{"start":{"line":353,"column":13},"end":{"line":353,"column":13}}]},"63":{"line":354,"type":"if","locations":[{"start":{"line":354,"column":12},"end":{"line":354,"column":12}},{"start":{"line":354,"column":12},"end":{"line":354,"column":12}}]},"64":{"line":373,"type":"if","locations":[{"start":{"line":373,"column":8},"end":{"line":373,"column":8}},{"start":{"line":373,"column":8},"end":{"line":373,"column":8}}]},"65":{"line":374,"type":"if","locations":[{"start":{"line":374,"column":12},"end":{"line":374,"column":12}},{"start":{"line":374,"column":12},"end":{"line":374,"column":12}}]},"66":{"line":375,"type":"binary-expr","locations":[{"start":{"line":375,"column":23},"end":{"line":375,"column":37}},{"start":{"line":375,"column":41},"end":{"line":375,"column":55}}]},"67":{"line":377,"type":"if","locations":[{"start":{"line":377,"column":17},"end":{"line":377,"column":17}},{"start":{"line":377,"column":17},"end":{"line":377,"column":17}}]},"68":{"line":380,"type":"if","locations":[{"start":{"line":380,"column":17},"end":{"line":380,"column":17}},{"start":{"line":380,"column":17},"end":{"line":380,"column":17}}]},"69":{"line":387,"type":"if","locations":[{"start":{"line":387,"column":13},"end":{"line":387,"column":13}},{"start":{"line":387,"column":13},"end":{"line":387,"column":13}}]},"70":{"line":402,"type":"if","locations":[{"start":{"line":402,"column":8},"end":{"line":402,"column":8}},{"start":{"line":402,"column":8},"end":{"line":402,"column":8}}]},"71":{"line":403,"type":"if","locations":[{"start":{"line":403,"column":12},"end":{"line":403,"column":12}},{"start":{"line":403,"column":12},"end":{"line":403,"column":12}}]},"72":{"line":404,"type":"binary-expr","locations":[{"start":{"line":404,"column":23},"end":{"line":404,"column":37}},{"start":{"line":404,"column":41},"end":{"line":404,"column":55}}]},"73":{"line":406,"type":"if","locations":[{"start":{"line":406,"column":17},"end":{"line":406,"column":17}},{"start":{"line":406,"column":17},"end":{"line":406,"column":17}}]},"74":{"line":409,"type":"if","locations":[{"start":{"line":409,"column":17},"end":{"line":409,"column":17}},{"start":{"line":409,"column":17},"end":{"line":409,"column":17}}]},"75":{"line":416,"type":"if","locations":[{"start":{"line":416,"column":13},"end":{"line":416,"column":13}},{"start":{"line":416,"column":13},"end":{"line":416,"column":13}}]},"76":{"line":431,"type":"if","locations":[{"start":{"line":431,"column":8},"end":{"line":431,"column":8}},{"start":{"line":431,"column":8},"end":{"line":431,"column":8}}]},"77":{"line":434,"type":"binary-expr","locations":[{"start":{"line":434,"column":16},"end":{"line":434,"column":38}},{"start":{"line":434,"column":42},"end":{"line":434,"column":62}}]},"78":{"line":444,"type":"if","locations":[{"start":{"line":444,"column":8},"end":{"line":444,"column":8}},{"start":{"line":444,"column":8},"end":{"line":444,"column":8}}]}}},"C:\\Users\\Owner\\Documents\\GitHub\\Intervals-In-Node\\src\\_utils.js":{"path":"C:\\Users\\Owner\\Documents\\GitHub\\Intervals-In-Node\\src\\_utils.js","s":{"1":1,"2":2,"3":1,"4":1,"5":1,"6":1,"7":1,"8":3,"9":92,"10":92,"11":460,"12":92,"13":1,"14":103,"15":85,"16":14,"17":71,"18":71,"19":18,"20":1},"b":{"1":[1,1],"2":[2,2],"3":[1,0],"4":[1,0],"5":[85,18],"6":[14,71],"7":[85,85],"8":[71,0]},"f":{"1":2,"2":3,"3":92,"4":103},"fnMap":{"1":{"name":"(anonymous_1)","line":3,"loc":{"start":{"line":3,"column":12},"end":{"line":3,"column":29}}},"2":{"name":"(anonymous_2)","line":17,"loc":{"start":{"line":17,"column":16},"end":{"line":17,"column":33}}},"3":{"name":"(anonymous_3)","line":19,"loc":{"start":{"line":19,"column":11},"end":{"line":19,"column":25}}},"4":{"name":"(anonymous_4)","line":30,"loc":{"start":{"line":30,"column":14},"end":{"line":30,"column":29}}}},"statementMap":{"1":{"start":{"line":1,"column":0},"end":{"line":15,"column":2}},"2":{"start":{"line":6,"column":8},"end":{"line":8,"column":9}},"3":{"start":{"line":7,"column":12},"end":{"line":7,"column":55}},"4":{"start":{"line":10,"column":8},"end":{"line":10,"column":58}},"5":{"start":{"line":11,"column":8},"end":{"line":11,"column":58}},"6":{"start":{"line":13,"column":8},"end":{"line":13,"column":58}},"7":{"start":{"line":17,"column":0},"end":{"line":28,"column":2}},"8":{"start":{"line":19,"column":4},"end":{"line":27,"column":6}},"9":{"start":{"line":20,"column":8},"end":{"line":20,"column":22}},"10":{"start":{"line":22,"column":8},"end":{"line":24,"column":9}},"11":{"start":{"line":23,"column":12},"end":{"line":23,"column":36}},"12":{"start":{"line":26,"column":8},"end":{"line":26,"column":19}},"13":{"start":{"line":30,"column":0},"end":{"line":36,"column":2}},"14":{"start":{"line":31,"column":4},"end":{"line":35,"column":27}},"15":{"start":{"line":32,"column":8},"end":{"line":33,"column":48}},"16":{"start":{"line":32,"column":68},"end":{"line":32,"column":83}},"17":{"start":{"line":33,"column":13},"end":{"line":33,"column":48}},"18":{"start":{"line":33,"column":33},"end":{"line":33,"column":46}},"19":{"start":{"line":35,"column":11},"end":{"line":35,"column":25}},"20":{"start":{"line":38,"column":0},"end":{"line":42,"column":2}}},"branchMap":{"1":{"line":6,"type":"if","locations":[{"start":{"line":6,"column":8},"end":{"line":6,"column":8}},{"start":{"line":6,"column":8},"end":{"line":6,"column":8}}]},"2":{"line":6,"type":"binary-expr","locations":[{"start":{"line":6,"column":12},"end":{"line":6,"column":18}},{"start":{"line":6,"column":22},"end":{"line":6,"column":49}}]},"3":{"line":10,"type":"cond-expr","locations":[{"start":{"line":10,"column":33},"end":{"line":10,"column":50}},{"start":{"line":10,"column":53},"end":{"line":10,"column":57}}]},"4":{"line":11,"type":"cond-expr","locations":[{"start":{"line":11,"column":33},"end":{"line":11,"column":50}},{"start":{"line":11,"column":53},"end":{"line":11,"column":57}}]},"5":{"line":31,"type":"if","locations":[{"start":{"line":31,"column":4},"end":{"line":31,"column":4}},{"start":{"line":31,"column":4},"end":{"line":31,"column":4}}]},"6":{"line":32,"type":"if","locations":[{"start":{"line":32,"column":8},"end":{"line":32,"column":8}},{"start":{"line":32,"column":8},"end":{"line":32,"column":8}}]},"7":{"line":32,"type":"binary-expr","locations":[{"start":{"line":32,"column":13},"end":{"line":32,"column":25}},{"start":{"line":32,"column":29},"end":{"line":32,"column":63}}]},"8":{"line":33,"type":"if","locations":[{"start":{"line":33,"column":13},"end":{"line":33,"column":13}},{"start":{"line":33,"column":13},"end":{"line":33,"column":13}}]}}},"C:\\Users\\Owner\\Documents\\GitHub\\Intervals-In-Node\\src\\ContinuousRanges.js":{"path":"C:\\Users\\Owner\\Documents\\GitHub\\Intervals-In-Node\\src\\ContinuousRanges.js","s":{"1":1,"2":1,"3":1,"4":1,"5":10,"6":10,"7":8,"8":8,"9":0,"10":0,"11":0,"12":0,"13":0,"14":1},"b":{},"f":{"1":10,"2":0,"3":0},"fnMap":{"1":{"name":"(anonymous_1)","line":19,"loc":{"start":{"line":19,"column":15},"end":{"line":19,"column":31}}},"2":{"name":"(anonymous_2)","line":32,"loc":{"start":{"line":32,"column":15},"end":{"line":32,"column":31}}},"3":{"name":"(anonymous_3)","line":40,"loc":{"start":{"line":40,"column":15},"end":{"line":40,"column":31}}}},"statementMap":{"1":{"start":{"line":1,"column":0},"end":{"line":1,"column":39}},"2":{"start":{"line":2,"column":0},"end":{"line":2,"column":32}},"3":{"start":{"line":4,"column":0},"end":{"line":4,"column":87}},"4":{"start":{"line":5,"column":0},"end":{"line":5,"column":75}},"5":{"start":{"line":20,"column":8},"end":{"line":20,"column":32}},"6":{"start":{"line":21,"column":8},"end":{"line":21,"column":24}},"7":{"start":{"line":22,"column":8},"end":{"line":22,"column":56}},"8":{"start":{"line":27,"column":8},"end":{"line":27,"column":34}},"9":{"start":{"line":33,"column":8},"end":{"line":33,"column":24}},"10":{"start":{"line":34,"column":8},"end":{"line":34,"column":56}},"11":{"start":{"line":35,"column":8},"end":{"line":35,"column":32}},"12":{"start":{"line":41,"column":8},"end":{"line":41,"column":24}},"13":{"start":{"line":42,"column":8},"end":{"line":42,"column":27}},"14":{"start":{"line":46,"column":0},"end":{"line":50,"column":2}}},"branchMap":{}}}