{"C:\\Users\\Owner\\Documents\\GitHub\\Intervals-In-Node\\main.js":{"path":"C:\\Users\\Owner\\Documents\\GitHub\\Intervals-In-Node\\main.js","s":{"1":1,"2":1,"3":1,"4":1,"5":1,"6":1,"7":1,"8":1,"9":1},"b":{},"f":{},"fnMap":{},"statementMap":{"1":{"start":{"line":1,"column":0},"end":{"line":2,"column":53}},"2":{"start":{"line":4,"column":0},"end":{"line":4,"column":29}},"3":{"start":{"line":6,"column":0},"end":{"line":6,"column":42}},"4":{"start":{"line":7,"column":0},"end":{"line":7,"column":44}},"5":{"start":{"line":8,"column":0},"end":{"line":8,"column":42}},"6":{"start":{"line":9,"column":0},"end":{"line":9,"column":48}},"7":{"start":{"line":10,"column":0},"end":{"line":10,"column":42}},"8":{"start":{"line":11,"column":0},"end":{"line":11,"column":48}},"9":{"start":{"line":12,"column":0},"end":{"line":12,"column":50}}},"branchMap":{}},"C:\\Users\\Owner\\Documents\\GitHub\\Intervals-In-Node\\src\\DiscreteRanges.js":{"path":"C:\\Users\\Owner\\Documents\\GitHub\\Intervals-In-Node\\src\\DiscreteRanges.js","s":{"1":1,"2":1,"3":1,"4":1,"5":39,"6":39,"7":39,"8":39,"9":0,"10":39,"11":39,"12":4,"13":39,"14":0,"15":39,"16":4,"17":1,"18":2,"19":0,"20":2,"21":3,"22":1,"23":2,"24":36,"25":36,"26":36,"27":1,"28":3,"29":3,"30":3,"31":0,"32":3,"33":3,"34":0,"35":3,"36":4,"37":0,"38":4,"39":4,"40":0,"41":4,"42":0,"43":0,"44":0,"45":1},"b":{"1":[0,39],"2":[39,31],"3":[4,35],"4":[39,32],"5":[0,39],"6":[39,31,31],"7":[0,2],"8":[2,2],"9":[1,2],"10":[0,3],"11":[0,3],"12":[0,4],"13":[0,4]},"f":{"1":39,"2":4,"3":1,"4":2,"5":3,"6":36,"7":1,"8":3,"9":3,"10":4,"11":0,"12":0},"fnMap":{"1":{"name":"(anonymous_1)","line":8,"loc":{"start":{"line":8,"column":15},"end":{"line":8,"column":37}}},"2":{"name":"(anonymous_2)","line":28,"loc":{"start":{"line":28,"column":8},"end":{"line":28,"column":15}}},"3":{"name":"(anonymous_3)","line":32,"loc":{"start":{"line":32,"column":8},"end":{"line":32,"column":15}}},"4":{"name":"(anonymous_4)","line":36,"loc":{"start":{"line":36,"column":8},"end":{"line":36,"column":11}}},"5":{"name":"(anonymous_5)","line":45,"loc":{"start":{"line":45,"column":12},"end":{"line":45,"column":20}}},"6":{"name":"(anonymous_6)","line":56,"loc":{"start":{"line":56,"column":15},"end":{"line":56,"column":31}}},"7":{"name":"(anonymous_7)","line":62,"loc":{"start":{"line":62,"column":10},"end":{"line":62,"column":13}}},"8":{"name":"(anonymous_8)","line":68,"loc":{"start":{"line":68,"column":15},"end":{"line":68,"column":29}}},"9":{"name":"(anonymous_9)","line":72,"loc":{"start":{"line":72,"column":8},"end":{"line":72,"column":15}}},"10":{"name":"(anonymous_10)","line":86,"loc":{"start":{"line":86,"column":8},"end":{"line":86,"column":15}}},"11":{"name":"(anonymous_11)","line":103,"loc":{"start":{"line":103,"column":15},"end":{"line":103,"column":31}}},"12":{"name":"(anonymous_12)","line":111,"loc":{"start":{"line":111,"column":15},"end":{"line":111,"column":31}}}},"statementMap":{"1":{"start":{"line":1,"column":0},"end":{"line":1,"column":39}},"2":{"start":{"line":2,"column":0},"end":{"line":2,"column":32}},"3":{"start":{"line":4,"column":0},"end":{"line":4,"column":87}},"4":{"start":{"line":5,"column":0},"end":{"line":5,"column":75}},"5":{"start":{"line":9,"column":8},"end":{"line":9,"column":24}},"6":{"start":{"line":10,"column":8},"end":{"line":10,"column":25}},"7":{"start":{"line":11,"column":8},"end":{"line":11,"column":30}},"8":{"start":{"line":12,"column":8},"end":{"line":14,"column":9}},"9":{"start":{"line":13,"column":12},"end":{"line":13,"column":31}},"10":{"start":{"line":16,"column":8},"end":{"line":16,"column":30}},"11":{"start":{"line":17,"column":8},"end":{"line":19,"column":9}},"12":{"start":{"line":18,"column":12},"end":{"line":18,"column":31}},"13":{"start":{"line":20,"column":8},"end":{"line":25,"column":9}},"14":{"start":{"line":21,"column":12},"end":{"line":21,"column":46}},"15":{"start":{"line":24,"column":12},"end":{"line":24,"column":71}},"16":{"start":{"line":29,"column":8},"end":{"line":29,"column":32}},"17":{"start":{"line":33,"column":8},"end":{"line":33,"column":32}},"18":{"start":{"line":37,"column":8},"end":{"line":42,"column":9}},"19":{"start":{"line":38,"column":12},"end":{"line":38,"column":24}},"20":{"start":{"line":41,"column":12},"end":{"line":41,"column":43}},"21":{"start":{"line":46,"column":8},"end":{"line":51,"column":9}},"22":{"start":{"line":47,"column":12},"end":{"line":47,"column":41}},"23":{"start":{"line":50,"column":12},"end":{"line":50,"column":41}},"24":{"start":{"line":57,"column":8},"end":{"line":57,"column":27}},"25":{"start":{"line":58,"column":8},"end":{"line":58,"column":56}},"26":{"start":{"line":59,"column":8},"end":{"line":59,"column":26}},"27":{"start":{"line":63,"column":8},"end":{"line":63,"column":43}},"28":{"start":{"line":69,"column":8},"end":{"line":69,"column":27}},"29":{"start":{"line":70,"column":8},"end":{"line":70,"column":27}},"30":{"start":{"line":73,"column":8},"end":{"line":75,"column":9}},"31":{"start":{"line":74,"column":12},"end":{"line":74,"column":22}},"32":{"start":{"line":76,"column":8},"end":{"line":76,"column":48}},"33":{"start":{"line":78,"column":8},"end":{"line":83,"column":9}},"34":{"start":{"line":79,"column":16},"end":{"line":79,"column":76}},"35":{"start":{"line":82,"column":12},"end":{"line":82,"column":79}},"36":{"start":{"line":87,"column":8},"end":{"line":89,"column":9}},"37":{"start":{"line":88,"column":12},"end":{"line":88,"column":22}},"38":{"start":{"line":91,"column":8},"end":{"line":91,"column":48}},"39":{"start":{"line":93,"column":8},"end":{"line":98,"column":9}},"40":{"start":{"line":94,"column":12},"end":{"line":94,"column":76}},"41":{"start":{"line":97,"column":12},"end":{"line":97,"column":79}},"42":{"start":{"line":104,"column":8},"end":{"line":104,"column":27}},"43":{"start":{"line":105,"column":8},"end":{"line":105,"column":27}},"44":{"start":{"line":112,"column":8},"end":{"line":112,"column":27}},"45":{"start":{"line":117,"column":0},"end":{"line":122,"column":2}}},"branchMap":{"1":{"line":12,"type":"if","locations":[{"start":{"line":12,"column":8},"end":{"line":12,"column":8}},{"start":{"line":12,"column":8},"end":{"line":12,"column":8}}]},"2":{"line":12,"type":"binary-expr","locations":[{"start":{"line":12,"column":12},"end":{"line":12,"column":24}},{"start":{"line":12,"column":28},"end":{"line":12,"column":44}}]},"3":{"line":17,"type":"if","locations":[{"start":{"line":17,"column":8},"end":{"line":17,"column":8}},{"start":{"line":17,"column":8},"end":{"line":17,"column":8}}]},"4":{"line":17,"type":"binary-expr","locations":[{"start":{"line":17,"column":12},"end":{"line":17,"column":24}},{"start":{"line":17,"column":28},"end":{"line":17,"column":43}}]},"5":{"line":20,"type":"if","locations":[{"start":{"line":20,"column":8},"end":{"line":20,"column":8}},{"start":{"line":20,"column":8},"end":{"line":20,"column":8}}]},"6":{"line":20,"type":"binary-expr","locations":[{"start":{"line":20,"column":12},"end":{"line":20,"column":24}},{"start":{"line":20,"column":28},"end":{"line":20,"column":40}},{"start":{"line":20,"column":44},"end":{"line":20,"column":52}}]},"7":{"line":37,"type":"if","locations":[{"start":{"line":37,"column":8},"end":{"line":37,"column":8}},{"start":{"line":37,"column":8},"end":{"line":37,"column":8}}]},"8":{"line":37,"type":"binary-expr","locations":[{"start":{"line":37,"column":12},"end":{"line":37,"column":17}},{"start":{"line":37,"column":21},"end":{"line":37,"column":34}}]},"9":{"line":46,"type":"if","locations":[{"start":{"line":46,"column":8},"end":{"line":46,"column":8}},{"start":{"line":46,"column":8},"end":{"line":46,"column":8}}]},"10":{"line":73,"type":"if","locations":[{"start":{"line":73,"column":8},"end":{"line":73,"column":8}},{"start":{"line":73,"column":8},"end":{"line":73,"column":8}}]},"11":{"line":78,"type":"if","locations":[{"start":{"line":78,"column":8},"end":{"line":78,"column":8}},{"start":{"line":78,"column":8},"end":{"line":78,"column":8}}]},"12":{"line":87,"type":"if","locations":[{"start":{"line":87,"column":8},"end":{"line":87,"column":8}},{"start":{"line":87,"column":8},"end":{"line":87,"column":8}}]},"13":{"line":93,"type":"if","locations":[{"start":{"line":93,"column":8},"end":{"line":93,"column":8}},{"start":{"line":93,"column":8},"end":{"line":93,"column":8}}]}}},"C:\\Users\\Owner\\Documents\\GitHub\\Intervals-In-Node\\src\\Range.js":{"path":"C:\\Users\\Owner\\Documents\\GitHub\\Intervals-In-Node\\src\\Range.js","s":{"1":1,"2":1,"3":1,"4":40,"5":0,"6":40,"7":40,"8":8,"9":8,"10":16,"11":10,"12":16,"13":11,"14":16,"15":2,"16":16,"17":3,"18":16,"19":216,"20":298,"21":45,"22":45,"23":66,"24":11,"25":11,"26":0,"27":9,"28":7,"29":0,"30":7,"31":2,"32":5,"33":2,"34":2,"35":2,"36":2,"37":2,"38":2,"39":2,"40":2,"41":0,"42":11,"43":11,"44":0,"45":11,"46":10,"47":10,"48":1,"49":1,"50":11,"51":1,"52":10,"53":2,"54":0,"55":2,"56":0,"57":2,"58":1,"59":0,"60":1,"61":0,"62":1,"63":0,"64":1,"65":1,"66":1,"67":1,"68":0,"69":0,"70":1,"71":0,"72":1,"73":1,"74":0,"75":0,"76":1,"77":1,"78":1,"79":0,"80":0,"81":1,"82":2,"83":0,"84":2,"85":0,"86":2,"87":1,"88":1,"89":0,"90":1,"91":1,"92":0,"93":0,"94":0,"95":1,"96":0,"97":1,"98":0,"99":1,"100":1,"101":1,"102":3,"103":2,"104":1,"105":1,"106":1,"107":1,"108":1,"109":0,"110":0,"111":2,"112":2,"113":2,"114":0,"115":0,"116":0,"117":0,"118":0,"119":0,"120":13,"121":11,"122":3,"123":8,"124":1,"125":7,"126":1,"127":6,"128":2,"129":2,"130":0,"131":25,"132":23,"133":1,"134":22,"135":0,"136":22,"137":2,"138":20,"139":2,"140":2,"141":0,"142":4,"143":0,"144":4,"145":2,"146":0,"147":2,"148":1},"b":{"1":[0,40],"2":[40,33,32],"3":[40,8],"4":[40,7],"5":[40,32],"6":[40,36],"7":[10,6],"8":[11,5],"9":[2,14],"10":[3,13],"11":[185,31],"12":[279,19],"13":[45,2],"14":[45,40],"15":[11,0],"16":[7,2],"17":[0,7],"18":[2,5],"19":[7,7,4],"20":[2,0],"21":[2,0],"22":[2,0],"23":[2,1],"24":[0,11],"25":[11,11],"26":[10,1],"27":[1,10],"28":[11,11],"29":[10,3,2,0],"30":[0,2],"31":[0,2],"32":[2,2],"33":[2,0,2,1],"34":[0,1],"35":[0,1],"36":[0,1],"37":[1,0],"38":[0,1],"39":[1,0],"40":[0,1],"41":[0,0],"42":[1,0],"43":[0,2],"44":[0,2],"45":[2,2,2],"46":[1,1],"47":[0,1],"48":[1,0],"49":[0,0],"50":[1,0],"51":[0,0],"52":[0,1],"53":[0,1],"54":[1,1,1],"55":[1,0],"56":[1,0],"57":[2,1],"58":[1,1],"59":[1,0],"60":[1,0],"61":[2,0],"62":[2,0],"63":[0,0],"64":[0,0],"65":[11,2],"66":[3,8],"67":[3,0],"68":[1,7],"69":[1,6],"70":[2,0],"71":[23,2],"72":[1,22],"73":[1,1],"74":[0,22],"75":[2,20],"76":[2,0],"77":[0,4],"78":[4,4],"79":[0,2]},"f":{"1":40,"2":8,"3":16,"4":216,"5":298,"6":45,"7":45,"8":66,"9":11,"10":9,"11":11,"12":2,"13":1,"14":2,"15":1,"16":3,"17":2,"18":13,"19":25,"20":4,"21":2},"fnMap":{"1":{"name":"(anonymous_1)","line":8,"loc":{"start":{"line":8,"column":15},"end":{"line":8,"column":31}}},"2":{"name":"(anonymous_2)","line":22,"loc":{"start":{"line":22,"column":9},"end":{"line":22,"column":12}}},"3":{"name":"(anonymous_3)","line":27,"loc":{"start":{"line":27,"column":11},"end":{"line":27,"column":27}}},"4":{"name":"(anonymous_4)","line":43,"loc":{"start":{"line":43,"column":9},"end":{"line":43,"column":12}}},"5":{"name":"(anonymous_5)","line":47,"loc":{"start":{"line":47,"column":9},"end":{"line":47,"column":12}}},"6":{"name":"(anonymous_6)","line":51,"loc":{"start":{"line":51,"column":12},"end":{"line":51,"column":15}}},"7":{"name":"(anonymous_7)","line":55,"loc":{"start":{"line":55,"column":12},"end":{"line":55,"column":15}}},"8":{"name":"(anonymous_8)","line":59,"loc":{"start":{"line":59,"column":16},"end":{"line":59,"column":22}}},"9":{"name":"(anonymous_9)","line":63,"loc":{"start":{"line":63,"column":17},"end":{"line":63,"column":26}}},"10":{"name":"(anonymous_10)","line":70,"loc":{"start":{"line":70,"column":12},"end":{"line":70,"column":20}}},"11":{"name":"(anonymous_11)","line":100,"loc":{"start":{"line":100,"column":11},"end":{"line":100,"column":19}}},"12":{"name":"(anonymous_12)","line":121,"loc":{"start":{"line":121,"column":12},"end":{"line":121,"column":20}}},"13":{"name":"(anonymous_13)","line":131,"loc":{"start":{"line":131,"column":9},"end":{"line":131,"column":17}}},"14":{"name":"(anonymous_14)","line":168,"loc":{"start":{"line":168,"column":14},"end":{"line":168,"column":22}}},"15":{"name":"(anonymous_15)","line":193,"loc":{"start":{"line":193,"column":16},"end":{"line":193,"column":24}}},"16":{"name":"(anonymous_16)","line":208,"loc":{"start":{"line":208,"column":14},"end":{"line":208,"column":22}}},"17":{"name":"(anonymous_17)","line":230,"loc":{"start":{"line":230,"column":12},"end":{"line":230,"column":20}}},"18":{"name":"(anonymous_18)","line":251,"loc":{"start":{"line":251,"column":15},"end":{"line":251,"column":23}}},"19":{"name":"(anonymous_19)","line":274,"loc":{"start":{"line":274,"column":14},"end":{"line":274,"column":22}}},"20":{"name":"(anonymous_20)","line":297,"loc":{"start":{"line":297,"column":10},"end":{"line":297,"column":18}}},"21":{"name":"(anonymous_21)","line":304,"loc":{"start":{"line":304,"column":11},"end":{"line":304,"column":19}}}},"statementMap":{"1":{"start":{"line":1,"column":0},"end":{"line":1,"column":35}},"2":{"start":{"line":3,"column":0},"end":{"line":3,"column":87}},"3":{"start":{"line":4,"column":0},"end":{"line":4,"column":75}},"4":{"start":{"line":9,"column":8},"end":{"line":11,"column":9}},"5":{"start":{"line":10,"column":12},"end":{"line":10,"column":69}},"6":{"start":{"line":12,"column":9},"end":{"line":18,"column":10}},"7":{"start":{"line":19,"column":8},"end":{"line":19,"column":116}},"8":{"start":{"line":23,"column":8},"end":{"line":23,"column":42}},"9":{"start":{"line":24,"column":8},"end":{"line":24,"column":20}},"10":{"start":{"line":28,"column":8},"end":{"line":30,"column":9}},"11":{"start":{"line":29,"column":12},"end":{"line":29,"column":47}},"12":{"start":{"line":31,"column":8},"end":{"line":33,"column":9}},"13":{"start":{"line":32,"column":12},"end":{"line":32,"column":47}},"14":{"start":{"line":34,"column":8},"end":{"line":36,"column":9}},"15":{"start":{"line":35,"column":12},"end":{"line":35,"column":53}},"16":{"start":{"line":37,"column":8},"end":{"line":39,"column":9}},"17":{"start":{"line":38,"column":12},"end":{"line":38,"column":53}},"18":{"start":{"line":40,"column":8},"end":{"line":40,"column":20}},"19":{"start":{"line":44,"column":8},"end":{"line":44,"column":71}},"20":{"start":{"line":48,"column":8},"end":{"line":48,"column":71}},"21":{"start":{"line":52,"column":8},"end":{"line":52,"column":45}},"22":{"start":{"line":56,"column":8},"end":{"line":56,"column":45}},"23":{"start":{"line":60,"column":8},"end":{"line":60,"column":41}},"24":{"start":{"line":64,"column":8},"end":{"line":66,"column":9}},"25":{"start":{"line":65,"column":12},"end":{"line":65,"column":34}},"26":{"start":{"line":67,"column":8},"end":{"line":67,"column":53}},"27":{"start":{"line":71,"column":8},"end":{"line":97,"column":9}},"28":{"start":{"line":72,"column":12},"end":{"line":80,"column":13}},"29":{"start":{"line":73,"column":16},"end":{"line":73,"column":30}},"30":{"start":{"line":75,"column":17},"end":{"line":80,"column":13}},"31":{"start":{"line":76,"column":16},"end":{"line":76,"column":28}},"32":{"start":{"line":79,"column":16},"end":{"line":79,"column":29}},"33":{"start":{"line":82,"column":13},"end":{"line":97,"column":9}},"34":{"start":{"line":83,"column":12},"end":{"line":83,"column":33}},"35":{"start":{"line":84,"column":12},"end":{"line":86,"column":13}},"36":{"start":{"line":85,"column":16},"end":{"line":85,"column":51}},"37":{"start":{"line":88,"column":12},"end":{"line":88,"column":33}},"38":{"start":{"line":89,"column":12},"end":{"line":91,"column":13}},"39":{"start":{"line":90,"column":16},"end":{"line":90,"column":52}},"40":{"start":{"line":93,"column":12},"end":{"line":93,"column":42}},"41":{"start":{"line":96,"column":12},"end":{"line":96,"column":70}},"42":{"start":{"line":101,"column":8},"end":{"line":101,"column":17}},"43":{"start":{"line":102,"column":8},"end":{"line":104,"column":9}},"44":{"start":{"line":103,"column":12},"end":{"line":103,"column":25}},"45":{"start":{"line":106,"column":8},"end":{"line":113,"column":9}},"46":{"start":{"line":107,"column":12},"end":{"line":107,"column":21}},"47":{"start":{"line":108,"column":12},"end":{"line":108,"column":22}},"48":{"start":{"line":111,"column":12},"end":{"line":111,"column":22}},"49":{"start":{"line":112,"column":12},"end":{"line":112,"column":21}},"50":{"start":{"line":115,"column":8},"end":{"line":117,"column":9}},"51":{"start":{"line":116,"column":12},"end":{"line":116,"column":24}},"52":{"start":{"line":118,"column":8},"end":{"line":118,"column":96}},"53":{"start":{"line":122,"column":8},"end":{"line":127,"column":9}},"54":{"start":{"line":123,"column":12},"end":{"line":123,"column":70}},"55":{"start":{"line":125,"column":13},"end":{"line":127,"column":9}},"56":{"start":{"line":126,"column":12},"end":{"line":126,"column":25}},"57":{"start":{"line":128,"column":8},"end":{"line":128,"column":160}},"58":{"start":{"line":132,"column":8},"end":{"line":134,"column":9}},"59":{"start":{"line":133,"column":12},"end":{"line":133,"column":66}},"60":{"start":{"line":135,"column":8},"end":{"line":136,"column":41}},"61":{"start":{"line":135,"column":21},"end":{"line":135,"column":34}},"62":{"start":{"line":136,"column":13},"end":{"line":136,"column":41}},"63":{"start":{"line":136,"column":27},"end":{"line":136,"column":39}},"64":{"start":{"line":137,"column":8},"end":{"line":137,"column":17}},"65":{"start":{"line":138,"column":8},"end":{"line":145,"column":9}},"66":{"start":{"line":139,"column":12},"end":{"line":139,"column":21}},"67":{"start":{"line":140,"column":12},"end":{"line":140,"column":22}},"68":{"start":{"line":143,"column":12},"end":{"line":143,"column":22}},"69":{"start":{"line":144,"column":12},"end":{"line":144,"column":21}},"70":{"start":{"line":147,"column":8},"end":{"line":149,"column":9}},"71":{"start":{"line":148,"column":12},"end":{"line":148,"column":77}},"72":{"start":{"line":151,"column":8},"end":{"line":151,"column":28}},"73":{"start":{"line":152,"column":8},"end":{"line":163,"column":9}},"74":{"start":{"line":153,"column":12},"end":{"line":153,"column":30}},"75":{"start":{"line":154,"column":12},"end":{"line":154,"column":52}},"76":{"start":{"line":156,"column":13},"end":{"line":163,"column":9}},"77":{"start":{"line":157,"column":12},"end":{"line":157,"column":30}},"78":{"start":{"line":158,"column":12},"end":{"line":158,"column":36}},"79":{"start":{"line":161,"column":12},"end":{"line":161,"column":30}},"80":{"start":{"line":162,"column":12},"end":{"line":162,"column":36}},"81":{"start":{"line":165,"column":8},"end":{"line":165,"column":108}},"82":{"start":{"line":169,"column":8},"end":{"line":171,"column":9}},"83":{"start":{"line":170,"column":12},"end":{"line":170,"column":71}},"84":{"start":{"line":173,"column":8},"end":{"line":190,"column":9}},"85":{"start":{"line":174,"column":12},"end":{"line":174,"column":24}},"86":{"start":{"line":176,"column":13},"end":{"line":190,"column":9}},"87":{"start":{"line":177,"column":12},"end":{"line":177,"column":32}},"88":{"start":{"line":179,"column":13},"end":{"line":190,"column":9}},"89":{"start":{"line":180,"column":12},"end":{"line":180,"column":73}},"90":{"start":{"line":182,"column":13},"end":{"line":190,"column":9}},"91":{"start":{"line":183,"column":12},"end":{"line":183,"column":83}},"92":{"start":{"line":185,"column":13},"end":{"line":190,"column":9}},"93":{"start":{"line":186,"column":12},"end":{"line":186,"column":83}},"94":{"start":{"line":189,"column":12},"end":{"line":189,"column":32}},"95":{"start":{"line":194,"column":8},"end":{"line":196,"column":9}},"96":{"start":{"line":195,"column":12},"end":{"line":195,"column":73}},"97":{"start":{"line":198,"column":8},"end":{"line":200,"column":9}},"98":{"start":{"line":199,"column":12},"end":{"line":199,"column":32}},"99":{"start":{"line":202,"column":8},"end":{"line":202,"column":66}},"100":{"start":{"line":203,"column":8},"end":{"line":203,"column":65}},"101":{"start":{"line":205,"column":8},"end":{"line":205,"column":102}},"102":{"start":{"line":209,"column":8},"end":{"line":227,"column":9}},"103":{"start":{"line":210,"column":12},"end":{"line":215,"column":13}},"104":{"start":{"line":211,"column":16},"end":{"line":211,"column":54}},"105":{"start":{"line":214,"column":16},"end":{"line":214,"column":29}},"106":{"start":{"line":217,"column":13},"end":{"line":227,"column":9}},"107":{"start":{"line":218,"column":12},"end":{"line":223,"column":13}},"108":{"start":{"line":219,"column":16},"end":{"line":219,"column":46}},"109":{"start":{"line":222,"column":16},"end":{"line":222,"column":29}},"110":{"start":{"line":226,"column":12},"end":{"line":226,"column":72}},"111":{"start":{"line":231,"column":8},"end":{"line":249,"column":9}},"112":{"start":{"line":232,"column":12},"end":{"line":237,"column":13}},"113":{"start":{"line":233,"column":16},"end":{"line":233,"column":54}},"114":{"start":{"line":236,"column":16},"end":{"line":236,"column":29}},"115":{"start":{"line":239,"column":13},"end":{"line":249,"column":9}},"116":{"start":{"line":240,"column":12},"end":{"line":245,"column":13}},"117":{"start":{"line":241,"column":16},"end":{"line":241,"column":46}},"118":{"start":{"line":244,"column":16},"end":{"line":244,"column":29}},"119":{"start":{"line":248,"column":12},"end":{"line":248,"column":70}},"120":{"start":{"line":252,"column":8},"end":{"line":271,"column":9}},"121":{"start":{"line":253,"column":12},"end":{"line":264,"column":13}},"122":{"start":{"line":254,"column":16},"end":{"line":254,"column":60}},"123":{"start":{"line":256,"column":17},"end":{"line":264,"column":13}},"124":{"start":{"line":257,"column":16},"end":{"line":257,"column":29}},"125":{"start":{"line":259,"column":17},"end":{"line":264,"column":13}},"126":{"start":{"line":260,"column":16},"end":{"line":260,"column":28}},"127":{"start":{"line":263,"column":16},"end":{"line":263,"column":52}},"128":{"start":{"line":266,"column":13},"end":{"line":271,"column":9}},"129":{"start":{"line":267,"column":12},"end":{"line":267,"column":41}},"130":{"start":{"line":270,"column":12},"end":{"line":270,"column":73}},"131":{"start":{"line":275,"column":8},"end":{"line":294,"column":9}},"132":{"start":{"line":276,"column":12},"end":{"line":287,"column":13}},"133":{"start":{"line":277,"column":16},"end":{"line":277,"column":60}},"134":{"start":{"line":279,"column":17},"end":{"line":287,"column":13}},"135":{"start":{"line":280,"column":16},"end":{"line":280,"column":29}},"136":{"start":{"line":282,"column":17},"end":{"line":287,"column":13}},"137":{"start":{"line":283,"column":16},"end":{"line":283,"column":28}},"138":{"start":{"line":286,"column":16},"end":{"line":286,"column":53}},"139":{"start":{"line":289,"column":13},"end":{"line":294,"column":9}},"140":{"start":{"line":290,"column":12},"end":{"line":290,"column":41}},"141":{"start":{"line":293,"column":12},"end":{"line":293,"column":72}},"142":{"start":{"line":298,"column":8},"end":{"line":300,"column":9}},"143":{"start":{"line":299,"column":12},"end":{"line":299,"column":68}},"144":{"start":{"line":301,"column":8},"end":{"line":301,"column":64}},"145":{"start":{"line":305,"column":8},"end":{"line":307,"column":9}},"146":{"start":{"line":306,"column":12},"end":{"line":306,"column":69}},"147":{"start":{"line":308,"column":8},"end":{"line":308,"column":34}},"148":{"start":{"line":312,"column":0},"end":{"line":312,"column":28}}},"branchMap":{"1":{"line":9,"type":"if","locations":[{"start":{"line":9,"column":8},"end":{"line":9,"column":8}},{"start":{"line":9,"column":8},"end":{"line":9,"column":8}}]},"2":{"line":9,"type":"binary-expr","locations":[{"start":{"line":9,"column":12},"end":{"line":9,"column":26}},{"start":{"line":9,"column":30},"end":{"line":9,"column":44}},{"start":{"line":9,"column":48},"end":{"line":9,"column":79}}]},"3":{"line":14,"type":"binary-expr","locations":[{"start":{"line":14,"column":19},"end":{"line":14,"column":33}},{"start":{"line":14,"column":37},"end":{"line":14,"column":41}}]},"4":{"line":15,"type":"binary-expr","locations":[{"start":{"line":15,"column":19},"end":{"line":15,"column":33}},{"start":{"line":15,"column":37},"end":{"line":15,"column":41}}]},"5":{"line":16,"type":"binary-expr","locations":[{"start":{"line":16,"column":22},"end":{"line":16,"column":39}},{"start":{"line":16,"column":43},"end":{"line":16,"column":47}}]},"6":{"line":17,"type":"binary-expr","locations":[{"start":{"line":17,"column":22},"end":{"line":17,"column":39}},{"start":{"line":17,"column":43},"end":{"line":17,"column":48}}]},"7":{"line":28,"type":"if","locations":[{"start":{"line":28,"column":8},"end":{"line":28,"column":8}},{"start":{"line":28,"column":8},"end":{"line":28,"column":8}}]},"8":{"line":31,"type":"if","locations":[{"start":{"line":31,"column":8},"end":{"line":31,"column":8}},{"start":{"line":31,"column":8},"end":{"line":31,"column":8}}]},"9":{"line":34,"type":"if","locations":[{"start":{"line":34,"column":8},"end":{"line":34,"column":8}},{"start":{"line":34,"column":8},"end":{"line":34,"column":8}}]},"10":{"line":37,"type":"if","locations":[{"start":{"line":37,"column":8},"end":{"line":37,"column":8}},{"start":{"line":37,"column":8},"end":{"line":37,"column":8}}]},"11":{"line":44,"type":"cond-expr","locations":[{"start":{"line":44,"column":46},"end":{"line":44,"column":63}},{"start":{"line":44,"column":66},"end":{"line":44,"column":70}}]},"12":{"line":48,"type":"cond-expr","locations":[{"start":{"line":48,"column":46},"end":{"line":48,"column":63}},{"start":{"line":48,"column":66},"end":{"line":48,"column":70}}]},"13":{"line":52,"type":"binary-expr","locations":[{"start":{"line":52,"column":15},"end":{"line":52,"column":35}},{"start":{"line":52,"column":39},"end":{"line":52,"column":44}}]},"14":{"line":56,"type":"binary-expr","locations":[{"start":{"line":56,"column":15},"end":{"line":56,"column":35}},{"start":{"line":56,"column":39},"end":{"line":56,"column":44}}]},"15":{"line":64,"type":"if","locations":[{"start":{"line":64,"column":8},"end":{"line":64,"column":8}},{"start":{"line":64,"column":8},"end":{"line":64,"column":8}}]},"16":{"line":71,"type":"if","locations":[{"start":{"line":71,"column":8},"end":{"line":71,"column":8}},{"start":{"line":71,"column":8},"end":{"line":71,"column":8}}]},"17":{"line":72,"type":"if","locations":[{"start":{"line":72,"column":12},"end":{"line":72,"column":12}},{"start":{"line":72,"column":12},"end":{"line":72,"column":12}}]},"18":{"line":75,"type":"if","locations":[{"start":{"line":75,"column":17},"end":{"line":75,"column":17}},{"start":{"line":75,"column":17},"end":{"line":75,"column":17}}]},"19":{"line":75,"type":"binary-expr","locations":[{"start":{"line":75,"column":21},"end":{"line":75,"column":27}},{"start":{"line":75,"column":31},"end":{"line":75,"column":54}},{"start":{"line":75,"column":58},"end":{"line":75,"column":80}}]},"20":{"line":82,"type":"if","locations":[{"start":{"line":82,"column":13},"end":{"line":82,"column":13}},{"start":{"line":82,"column":13},"end":{"line":82,"column":13}}]},"21":{"line":84,"type":"if","locations":[{"start":{"line":84,"column":12},"end":{"line":84,"column":12}},{"start":{"line":84,"column":12},"end":{"line":84,"column":12}}]},"22":{"line":89,"type":"if","locations":[{"start":{"line":89,"column":12},"end":{"line":89,"column":12}},{"start":{"line":89,"column":12},"end":{"line":89,"column":12}}]},"23":{"line":93,"type":"binary-expr","locations":[{"start":{"line":93,"column":19},"end":{"line":93,"column":28}},{"start":{"line":93,"column":32},"end":{"line":93,"column":41}}]},"24":{"line":102,"type":"if","locations":[{"start":{"line":102,"column":8},"end":{"line":102,"column":8}},{"start":{"line":102,"column":8},"end":{"line":102,"column":8}}]},"25":{"line":102,"type":"binary-expr","locations":[{"start":{"line":102,"column":12},"end":{"line":102,"column":17}},{"start":{"line":102,"column":21},"end":{"line":102,"column":27}}]},"26":{"line":106,"type":"if","locations":[{"start":{"line":106,"column":8},"end":{"line":106,"column":8}},{"start":{"line":106,"column":8},"end":{"line":106,"column":8}}]},"27":{"line":115,"type":"if","locations":[{"start":{"line":115,"column":8},"end":{"line":115,"column":8}},{"start":{"line":115,"column":8},"end":{"line":115,"column":8}}]},"28":{"line":115,"type":"binary-expr","locations":[{"start":{"line":115,"column":12},"end":{"line":115,"column":22}},{"start":{"line":115,"column":26},"end":{"line":115,"column":36}}]},"29":{"line":118,"type":"binary-expr","locations":[{"start":{"line":118,"column":15},"end":{"line":118,"column":36}},{"start":{"line":118,"column":40},"end":{"line":118,"column":63}},{"start":{"line":118,"column":67},"end":{"line":118,"column":79}},{"start":{"line":118,"column":83},"end":{"line":118,"column":95}}]},"30":{"line":122,"type":"if","locations":[{"start":{"line":122,"column":8},"end":{"line":122,"column":8}},{"start":{"line":122,"column":8},"end":{"line":122,"column":8}}]},"31":{"line":125,"type":"if","locations":[{"start":{"line":125,"column":13},"end":{"line":125,"column":13}},{"start":{"line":125,"column":13},"end":{"line":125,"column":13}}]},"32":{"line":125,"type":"binary-expr","locations":[{"start":{"line":125,"column":17},"end":{"line":125,"column":22}},{"start":{"line":125,"column":26},"end":{"line":125,"column":32}}]},"33":{"line":128,"type":"binary-expr","locations":[{"start":{"line":128,"column":16},"end":{"line":128,"column":45}},{"start":{"line":128,"column":49},"end":{"line":128,"column":84}},{"start":{"line":128,"column":90},"end":{"line":128,"column":119}},{"start":{"line":128,"column":123},"end":{"line":128,"column":158}}]},"34":{"line":132,"type":"if","locations":[{"start":{"line":132,"column":8},"end":{"line":132,"column":8}},{"start":{"line":132,"column":8},"end":{"line":132,"column":8}}]},"35":{"line":135,"type":"if","locations":[{"start":{"line":135,"column":8},"end":{"line":135,"column":8}},{"start":{"line":135,"column":8},"end":{"line":135,"column":8}}]},"36":{"line":136,"type":"if","locations":[{"start":{"line":136,"column":13},"end":{"line":136,"column":13}},{"start":{"line":136,"column":13},"end":{"line":136,"column":13}}]},"37":{"line":138,"type":"if","locations":[{"start":{"line":138,"column":8},"end":{"line":138,"column":8}},{"start":{"line":138,"column":8},"end":{"line":138,"column":8}}]},"38":{"line":147,"type":"if","locations":[{"start":{"line":147,"column":8},"end":{"line":147,"column":8}},{"start":{"line":147,"column":8},"end":{"line":147,"column":8}}]},"39":{"line":147,"type":"binary-expr","locations":[{"start":{"line":147,"column":12},"end":{"line":147,"column":34}},{"start":{"line":147,"column":38},"end":{"line":147,"column":52}}]},"40":{"line":152,"type":"if","locations":[{"start":{"line":152,"column":8},"end":{"line":152,"column":8}},{"start":{"line":152,"column":8},"end":{"line":152,"column":8}}]},"41":{"line":154,"type":"binary-expr","locations":[{"start":{"line":154,"column":23},"end":{"line":154,"column":35}},{"start":{"line":154,"column":39},"end":{"line":154,"column":51}}]},"42":{"line":156,"type":"if","locations":[{"start":{"line":156,"column":13},"end":{"line":156,"column":13}},{"start":{"line":156,"column":13},"end":{"line":156,"column":13}}]},"43":{"line":169,"type":"if","locations":[{"start":{"line":169,"column":8},"end":{"line":169,"column":8}},{"start":{"line":169,"column":8},"end":{"line":169,"column":8}}]},"44":{"line":173,"type":"if","locations":[{"start":{"line":173,"column":8},"end":{"line":173,"column":8}},{"start":{"line":173,"column":8},"end":{"line":173,"column":8}}]},"45":{"line":173,"type":"binary-expr","locations":[{"start":{"line":173,"column":12},"end":{"line":173,"column":17}},{"start":{"line":173,"column":21},"end":{"line":173,"column":27}},{"start":{"line":173,"column":31},"end":{"line":173,"column":51}}]},"46":{"line":176,"type":"if","locations":[{"start":{"line":176,"column":13},"end":{"line":176,"column":13}},{"start":{"line":176,"column":13},"end":{"line":176,"column":13}}]},"47":{"line":179,"type":"if","locations":[{"start":{"line":179,"column":13},"end":{"line":179,"column":13}},{"start":{"line":179,"column":13},"end":{"line":179,"column":13}}]},"48":{"line":179,"type":"binary-expr","locations":[{"start":{"line":179,"column":17},"end":{"line":179,"column":37}},{"start":{"line":179,"column":41},"end":{"line":179,"column":90}}]},"49":{"line":179,"type":"binary-expr","locations":[{"start":{"line":179,"column":43},"end":{"line":179,"column":65}},{"start":{"line":179,"column":69},"end":{"line":179,"column":89}}]},"50":{"line":182,"type":"if","locations":[{"start":{"line":182,"column":13},"end":{"line":182,"column":13}},{"start":{"line":182,"column":13},"end":{"line":182,"column":13}}]},"51":{"line":185,"type":"if","locations":[{"start":{"line":185,"column":13},"end":{"line":185,"column":13}},{"start":{"line":185,"column":13},"end":{"line":185,"column":13}}]},"52":{"line":194,"type":"if","locations":[{"start":{"line":194,"column":8},"end":{"line":194,"column":8}},{"start":{"line":194,"column":8},"end":{"line":194,"column":8}}]},"53":{"line":198,"type":"if","locations":[{"start":{"line":198,"column":8},"end":{"line":198,"column":8}},{"start":{"line":198,"column":8},"end":{"line":198,"column":8}}]},"54":{"line":198,"type":"binary-expr","locations":[{"start":{"line":198,"column":12},"end":{"line":198,"column":17}},{"start":{"line":198,"column":21},"end":{"line":198,"column":27}},{"start":{"line":198,"column":31},"end":{"line":198,"column":51}}]},"55":{"line":202,"type":"cond-expr","locations":[{"start":{"line":202,"column":53},"end":{"line":202,"column":57}},{"start":{"line":202,"column":60},"end":{"line":202,"column":65}}]},"56":{"line":203,"type":"cond-expr","locations":[{"start":{"line":203,"column":52},"end":{"line":203,"column":56}},{"start":{"line":203,"column":59},"end":{"line":203,"column":64}}]},"57":{"line":209,"type":"if","locations":[{"start":{"line":209,"column":8},"end":{"line":209,"column":8}},{"start":{"line":209,"column":8},"end":{"line":209,"column":8}}]},"58":{"line":210,"type":"if","locations":[{"start":{"line":210,"column":12},"end":{"line":210,"column":12}},{"start":{"line":210,"column":12},"end":{"line":210,"column":12}}]},"59":{"line":217,"type":"if","locations":[{"start":{"line":217,"column":13},"end":{"line":217,"column":13}},{"start":{"line":217,"column":13},"end":{"line":217,"column":13}}]},"60":{"line":218,"type":"if","locations":[{"start":{"line":218,"column":12},"end":{"line":218,"column":12}},{"start":{"line":218,"column":12},"end":{"line":218,"column":12}}]},"61":{"line":231,"type":"if","locations":[{"start":{"line":231,"column":8},"end":{"line":231,"column":8}},{"start":{"line":231,"column":8},"end":{"line":231,"column":8}}]},"62":{"line":232,"type":"if","locations":[{"start":{"line":232,"column":12},"end":{"line":232,"column":12}},{"start":{"line":232,"column":12},"end":{"line":232,"column":12}}]},"63":{"line":239,"type":"if","locations":[{"start":{"line":239,"column":13},"end":{"line":239,"column":13}},{"start":{"line":239,"column":13},"end":{"line":239,"column":13}}]},"64":{"line":240,"type":"if","locations":[{"start":{"line":240,"column":12},"end":{"line":240,"column":12}},{"start":{"line":240,"column":12},"end":{"line":240,"column":12}}]},"65":{"line":252,"type":"if","locations":[{"start":{"line":252,"column":8},"end":{"line":252,"column":8}},{"start":{"line":252,"column":8},"end":{"line":252,"column":8}}]},"66":{"line":253,"type":"if","locations":[{"start":{"line":253,"column":12},"end":{"line":253,"column":12}},{"start":{"line":253,"column":12},"end":{"line":253,"column":12}}]},"67":{"line":254,"type":"binary-expr","locations":[{"start":{"line":254,"column":23},"end":{"line":254,"column":39}},{"start":{"line":254,"column":43},"end":{"line":254,"column":59}}]},"68":{"line":256,"type":"if","locations":[{"start":{"line":256,"column":17},"end":{"line":256,"column":17}},{"start":{"line":256,"column":17},"end":{"line":256,"column":17}}]},"69":{"line":259,"type":"if","locations":[{"start":{"line":259,"column":17},"end":{"line":259,"column":17}},{"start":{"line":259,"column":17},"end":{"line":259,"column":17}}]},"70":{"line":266,"type":"if","locations":[{"start":{"line":266,"column":13},"end":{"line":266,"column":13}},{"start":{"line":266,"column":13},"end":{"line":266,"column":13}}]},"71":{"line":275,"type":"if","locations":[{"start":{"line":275,"column":8},"end":{"line":275,"column":8}},{"start":{"line":275,"column":8},"end":{"line":275,"column":8}}]},"72":{"line":276,"type":"if","locations":[{"start":{"line":276,"column":12},"end":{"line":276,"column":12}},{"start":{"line":276,"column":12},"end":{"line":276,"column":12}}]},"73":{"line":277,"type":"binary-expr","locations":[{"start":{"line":277,"column":23},"end":{"line":277,"column":39}},{"start":{"line":277,"column":43},"end":{"line":277,"column":59}}]},"74":{"line":279,"type":"if","locations":[{"start":{"line":279,"column":17},"end":{"line":279,"column":17}},{"start":{"line":279,"column":17},"end":{"line":279,"column":17}}]},"75":{"line":282,"type":"if","locations":[{"start":{"line":282,"column":17},"end":{"line":282,"column":17}},{"start":{"line":282,"column":17},"end":{"line":282,"column":17}}]},"76":{"line":289,"type":"if","locations":[{"start":{"line":289,"column":13},"end":{"line":289,"column":13}},{"start":{"line":289,"column":13},"end":{"line":289,"column":13}}]},"77":{"line":298,"type":"if","locations":[{"start":{"line":298,"column":8},"end":{"line":298,"column":8}},{"start":{"line":298,"column":8},"end":{"line":298,"column":8}}]},"78":{"line":301,"type":"binary-expr","locations":[{"start":{"line":301,"column":16},"end":{"line":301,"column":38}},{"start":{"line":301,"column":42},"end":{"line":301,"column":62}}]},"79":{"line":305,"type":"if","locations":[{"start":{"line":305,"column":8},"end":{"line":305,"column":8}},{"start":{"line":305,"column":8},"end":{"line":305,"column":8}}]}}},"C:\\Users\\Owner\\Documents\\GitHub\\Intervals-In-Node\\src\\_utils.js":{"path":"C:\\Users\\Owner\\Documents\\GitHub\\Intervals-In-Node\\src\\_utils.js","s":{"1":1,"2":1,"3":0,"4":1,"5":0,"6":1,"7":1,"8":1,"9":1,"10":3,"11":82,"12":82,"13":410,"14":82,"15":1},"b":{"1":[0,1],"2":[0,1],"3":[1,1],"4":[1,0],"5":[1,0]},"f":{"1":1,"2":3,"3":82},"fnMap":{"1":{"name":"(anonymous_1)","line":3,"loc":{"start":{"line":3,"column":12},"end":{"line":3,"column":29}}},"2":{"name":"(anonymous_2)","line":20,"loc":{"start":{"line":20,"column":16},"end":{"line":20,"column":33}}},"3":{"name":"(anonymous_3)","line":22,"loc":{"start":{"line":22,"column":11},"end":{"line":22,"column":25}}}},"statementMap":{"1":{"start":{"line":1,"column":0},"end":{"line":18,"column":2}},"2":{"start":{"line":4,"column":8},"end":{"line":6,"column":9}},"3":{"start":{"line":5,"column":12},"end":{"line":5,"column":24}},"4":{"start":{"line":9,"column":8},"end":{"line":11,"column":9}},"5":{"start":{"line":10,"column":12},"end":{"line":10,"column":55}},"6":{"start":{"line":13,"column":8},"end":{"line":13,"column":64}},"7":{"start":{"line":14,"column":8},"end":{"line":14,"column":64}},"8":{"start":{"line":16,"column":8},"end":{"line":16,"column":58}},"9":{"start":{"line":20,"column":0},"end":{"line":31,"column":2}},"10":{"start":{"line":22,"column":4},"end":{"line":30,"column":6}},"11":{"start":{"line":23,"column":8},"end":{"line":23,"column":22}},"12":{"start":{"line":25,"column":8},"end":{"line":27,"column":9}},"13":{"start":{"line":26,"column":12},"end":{"line":26,"column":36}},"14":{"start":{"line":29,"column":8},"end":{"line":29,"column":19}},"15":{"start":{"line":33,"column":0},"end":{"line":36,"column":2}}},"branchMap":{"1":{"line":4,"type":"if","locations":[{"start":{"line":4,"column":8},"end":{"line":4,"column":8}},{"start":{"line":4,"column":8},"end":{"line":4,"column":8}}]},"2":{"line":9,"type":"if","locations":[{"start":{"line":9,"column":8},"end":{"line":9,"column":8}},{"start":{"line":9,"column":8},"end":{"line":9,"column":8}}]},"3":{"line":9,"type":"binary-expr","locations":[{"start":{"line":9,"column":12},"end":{"line":9,"column":18}},{"start":{"line":9,"column":22},"end":{"line":9,"column":49}}]},"4":{"line":13,"type":"cond-expr","locations":[{"start":{"line":13,"column":37},"end":{"line":13,"column":56}},{"start":{"line":13,"column":59},"end":{"line":13,"column":63}}]},"5":{"line":14,"type":"cond-expr","locations":[{"start":{"line":14,"column":37},"end":{"line":14,"column":56}},{"start":{"line":14,"column":59},"end":{"line":14,"column":63}}]}}},"C:\\Users\\Owner\\Documents\\GitHub\\Intervals-In-Node\\src\\ContinuousRanges.js":{"path":"C:\\Users\\Owner\\Documents\\GitHub\\Intervals-In-Node\\src\\ContinuousRanges.js","s":{"1":1,"2":1,"3":1,"4":1,"5":0,"6":0,"7":0,"8":0,"9":0,"10":0,"11":0,"12":0,"13":1},"b":{},"f":{"1":0,"2":0,"3":0},"fnMap":{"1":{"name":"(anonymous_1)","line":9,"loc":{"start":{"line":9,"column":15},"end":{"line":9,"column":31}}},"2":{"name":"(anonymous_2)","line":17,"loc":{"start":{"line":17,"column":15},"end":{"line":17,"column":31}}},"3":{"name":"(anonymous_3)","line":25,"loc":{"start":{"line":25,"column":15},"end":{"line":25,"column":31}}}},"statementMap":{"1":{"start":{"line":1,"column":0},"end":{"line":1,"column":39}},"2":{"start":{"line":2,"column":0},"end":{"line":2,"column":32}},"3":{"start":{"line":4,"column":0},"end":{"line":4,"column":87}},"4":{"start":{"line":5,"column":0},"end":{"line":5,"column":75}},"5":{"start":{"line":10,"column":8},"end":{"line":10,"column":26}},"6":{"start":{"line":11,"column":8},"end":{"line":11,"column":56}},"7":{"start":{"line":12,"column":8},"end":{"line":12,"column":28}},"8":{"start":{"line":18,"column":8},"end":{"line":18,"column":26}},"9":{"start":{"line":19,"column":8},"end":{"line":19,"column":56}},"10":{"start":{"line":20,"column":8},"end":{"line":20,"column":32}},"11":{"start":{"line":26,"column":8},"end":{"line":26,"column":26}},"12":{"start":{"line":27,"column":8},"end":{"line":27,"column":27}},"13":{"start":{"line":31,"column":0},"end":{"line":35,"column":2}}},"branchMap":{}}}