TN:
SF:C:\Users\Owner\Documents\GitHub\Intervals-In-Node\main.js
FNF:0
FNH:0
DA:1,1
DA:4,1
DA:6,1
DA:7,1
DA:8,1
DA:9,1
DA:10,1
DA:11,1
DA:12,1
LF:9
LH:9
BRF:0
BRH:0
end_of_record
TN:
SF:C:\Users\Owner\Documents\GitHub\Intervals-In-Node\src\DiscreteRanges.js
FN:18,(anonymous_1)
FN:46,(anonymous_2)
FN:56,(anonymous_3)
FN:66,(anonymous_4)
FN:75,(anonymous_5)
FN:97,(anonymous_6)
FN:113,(anonymous_7)
FN:119,(anonymous_8)
FN:124,(anonymous_9)
FN:138,(anonymous_10)
FN:155,(anonymous_11)
FN:163,(anonymous_12)
FNF:12
FNH:10
FNDA:42,(anonymous_1)
FNDA:4,(anonymous_2)
FNDA:2,(anonymous_3)
FNDA:3,(anonymous_4)
FNDA:5,(anonymous_5)
FNDA:39,(anonymous_6)
FNDA:1,(anonymous_7)
FNDA:3,(anonymous_8)
FNDA:3,(anonymous_9)
FNDA:4,(anonymous_10)
FNDA:0,(anonymous_11)
FNDA:0,(anonymous_12)
DA:1,1
DA:2,1
DA:4,1
DA:5,1
DA:19,42
DA:20,40
DA:21,40
DA:22,40
DA:23,0
DA:26,40
DA:27,40
DA:28,4
DA:30,40
DA:31,0
DA:32,0
DA:35,40
DA:36,40
DA:47,4
DA:57,2
DA:67,3
DA:68,0
DA:71,3
DA:77,5
DA:78,2
DA:81,3
DA:98,39
DA:99,39
DA:100,37
DA:105,37
DA:114,1
DA:120,3
DA:121,3
DA:122,3
DA:125,3
DA:126,0
DA:128,3
DA:130,3
DA:131,0
DA:134,3
DA:139,4
DA:140,0
DA:143,4
DA:145,4
DA:146,0
DA:149,4
DA:156,0
DA:157,0
DA:164,0
DA:169,1
LF:49
LH:38
BRDA:22,1,0,0
BRDA:22,1,1,40
BRDA:22,2,0,40
BRDA:22,2,1,32
BRDA:27,3,0,4
BRDA:27,3,1,36
BRDA:27,4,0,40
BRDA:27,4,1,32
BRDA:30,5,0,0
BRDA:30,5,1,40
BRDA:30,6,0,40
BRDA:30,6,1,32
BRDA:30,6,2,31
BRDA:67,7,0,0
BRDA:67,7,1,3
BRDA:67,8,0,3
BRDA:67,8,1,3
BRDA:77,9,0,2
BRDA:77,9,1,3
BRDA:125,10,0,0
BRDA:125,10,1,3
BRDA:130,11,0,0
BRDA:130,11,1,3
BRDA:139,12,0,0
BRDA:139,12,1,4
BRDA:145,13,0,0
BRDA:145,13,1,4
BRF:27
BRH:20
end_of_record
TN:
SF:C:\Users\Owner\Documents\GitHub\Intervals-In-Node\src\Range.js
FN:19,(anonymous_1)
FN:68,(anonymous_2)
FN:88,(anonymous_3)
FN:115,(anonymous_4)
FN:125,(anonymous_5)
FN:136,(anonymous_6)
FN:172,(anonymous_7)
FN:199,(anonymous_8)
FN:216,(anonymous_9)
FN:260,(anonymous_10)
FN:292,(anonymous_11)
FN:313,(anonymous_12)
FN:341,(anonymous_13)
FN:369,(anonymous_14)
FN:398,(anonymous_15)
FN:427,(anonymous_16)
FN:440,(anonymous_17)
FNF:17
FNH:17
FNDA:53,(anonymous_1)
FNDA:9,(anonymous_2)
FNDA:58,(anonymous_3)
FNDA:89,(anonymous_4)
FNDA:21,(anonymous_5)
FNDA:11,(anonymous_6)
FNDA:12,(anonymous_7)
FNDA:4,(anonymous_8)
FNDA:2,(anonymous_9)
FNDA:3,(anonymous_10)
FNDA:3,(anonymous_11)
FNDA:5,(anonymous_12)
FNDA:6,(anonymous_13)
FNDA:16,(anonymous_14)
FNDA:29,(anonymous_15)
FNDA:5,(anonymous_16)
FNDA:3,(anonymous_17)
DA:1,1
DA:3,1
DA:4,1
DA:20,53
DA:21,2
DA:24,51
DA:25,2
DA:28,49
DA:29,0
DA:32,49
DA:40,49
DA:45,49
DA:50,49
DA:55,49
DA:60,49
DA:69,9
DA:70,9
DA:71,9
DA:72,9
DA:73,9
DA:74,9
DA:89,58
DA:90,51
DA:91,51
DA:93,58
DA:94,52
DA:95,52
DA:97,58
DA:98,42
DA:99,42
DA:101,58
DA:102,4
DA:103,4
DA:105,58
DA:116,89
DA:126,21
DA:137,11
DA:138,8
DA:139,0
DA:141,8
DA:142,3
DA:145,5
DA:148,3
DA:149,2
DA:150,2
DA:151,2
DA:154,2
DA:155,2
DA:156,2
DA:159,2
DA:162,1
DA:173,12
DA:174,12
DA:175,0
DA:178,12
DA:179,11
DA:180,11
DA:183,1
DA:184,1
DA:187,12
DA:188,1
DA:190,11
DA:200,4
DA:201,2
DA:203,2
DA:204,0
DA:206,2
DA:217,2
DA:218,1
DA:220,1
DA:221,1
DA:222,1
DA:223,1
DA:224,1
DA:225,1
DA:228,0
DA:229,0
DA:232,1
DA:233,0
DA:236,1
DA:237,1
DA:238,0
DA:239,0
DA:241,1
DA:242,1
DA:243,1
DA:246,0
DA:247,0
DA:250,1
DA:261,3
DA:262,1
DA:265,2
DA:266,0
DA:268,2
DA:269,1
DA:271,1
DA:272,0
DA:274,1
DA:275,1
DA:277,0
DA:278,0
DA:281,0
DA:293,3
DA:294,1
DA:297,2
DA:298,1
DA:301,1
DA:302,1
DA:304,1
DA:314,5
DA:315,3
DA:316,1
DA:319,2
DA:322,2
DA:323,2
DA:324,1
DA:327,1
DA:331,0
DA:342,6
DA:343,3
DA:344,3
DA:347,0
DA:350,3
DA:351,2
DA:352,1
DA:355,1
DA:359,1
DA:370,16
DA:371,13
DA:372,4
DA:374,9
DA:375,1
DA:377,8
DA:378,1
DA:381,7
DA:384,3
DA:385,2
DA:388,1
DA:399,29
DA:400,26
DA:401,1
DA:403,25
DA:404,1
DA:406,24
DA:407,2
DA:410,22
DA:413,3
DA:414,2
DA:417,1
DA:428,5
DA:429,1
DA:431,4
DA:441,3
DA:442,1
DA:444,2
DA:448,1
LF:156
LH:138
BRDA:20,1,0,2
BRDA:20,1,1,51
BRDA:20,2,0,53
BRDA:20,2,1,43
BRDA:24,3,0,2
BRDA:24,3,1,49
BRDA:24,4,0,51
BRDA:24,4,1,39
BRDA:28,5,0,0
BRDA:28,5,1,49
BRDA:28,6,0,49
BRDA:28,6,1,37
BRDA:28,6,2,34
BRDA:34,7,0,49
BRDA:34,7,1,10
BRDA:35,8,0,49
BRDA:35,8,1,12
BRDA:36,9,0,2
BRDA:36,9,1,47
BRDA:37,10,0,49
BRDA:37,10,1,44
BRDA:89,11,0,51
BRDA:89,11,1,7
BRDA:93,12,0,52
BRDA:93,12,1,6
BRDA:97,13,0,42
BRDA:97,13,1,16
BRDA:101,14,0,4
BRDA:101,14,1,54
BRDA:137,15,0,8
BRDA:137,15,1,3
BRDA:138,16,0,0
BRDA:138,16,1,8
BRDA:141,17,0,3
BRDA:141,17,1,5
BRDA:141,18,0,8
BRDA:141,18,1,8
BRDA:141,18,2,5
BRDA:148,19,0,2
BRDA:148,19,1,1
BRDA:150,20,0,2
BRDA:150,20,1,0
BRDA:155,21,0,2
BRDA:155,21,1,0
BRDA:159,22,0,2
BRDA:159,22,1,1
BRDA:174,23,0,0
BRDA:174,23,1,12
BRDA:174,24,0,12
BRDA:174,24,1,12
BRDA:178,25,0,11
BRDA:178,25,1,1
BRDA:187,26,0,1
BRDA:187,26,1,11
BRDA:187,27,0,12
BRDA:187,27,1,12
BRDA:190,28,0,11
BRDA:190,28,1,4
BRDA:190,28,2,2
BRDA:190,28,3,0
BRDA:200,29,0,2
BRDA:200,29,1,2
BRDA:203,30,0,0
BRDA:203,30,1,2
BRDA:203,31,0,2
BRDA:203,31,1,2
BRDA:206,32,0,2
BRDA:206,32,1,0
BRDA:206,32,2,2
BRDA:206,32,3,1
BRDA:217,33,0,1
BRDA:217,33,1,1
BRDA:220,34,0,0
BRDA:220,34,1,1
BRDA:221,35,0,0
BRDA:221,35,1,1
BRDA:223,36,0,1
BRDA:223,36,1,0
BRDA:232,37,0,0
BRDA:232,37,1,1
BRDA:232,38,0,1
BRDA:232,38,1,0
BRDA:237,39,0,0
BRDA:237,39,1,1
BRDA:239,40,0,0
BRDA:239,40,1,0
BRDA:241,41,0,1
BRDA:241,41,1,0
BRDA:261,42,0,1
BRDA:261,42,1,2
BRDA:265,43,0,0
BRDA:265,43,1,2
BRDA:265,44,0,2
BRDA:265,44,1,2
BRDA:265,44,2,2
BRDA:268,45,0,1
BRDA:268,45,1,1
BRDA:271,46,0,0
BRDA:271,46,1,1
BRDA:271,47,0,1
BRDA:271,47,1,0
BRDA:271,48,0,0
BRDA:271,48,1,0
BRDA:274,49,0,1
BRDA:274,49,1,0
BRDA:277,50,0,0
BRDA:277,50,1,0
BRDA:293,51,0,1
BRDA:293,51,1,2
BRDA:297,52,0,1
BRDA:297,52,1,1
BRDA:297,53,0,2
BRDA:297,53,1,2
BRDA:297,53,2,2
BRDA:301,54,0,1
BRDA:301,54,1,0
BRDA:302,55,0,1
BRDA:302,55,1,0
BRDA:314,56,0,3
BRDA:314,56,1,2
BRDA:315,57,0,1
BRDA:315,57,1,2
BRDA:322,58,0,2
BRDA:322,58,1,0
BRDA:323,59,0,1
BRDA:323,59,1,1
BRDA:342,60,0,3
BRDA:342,60,1,3
BRDA:343,61,0,3
BRDA:343,61,1,0
BRDA:350,62,0,2
BRDA:350,62,1,1
BRDA:351,63,0,1
BRDA:351,63,1,1
BRDA:370,64,0,13
BRDA:370,64,1,3
BRDA:371,65,0,4
BRDA:371,65,1,9
BRDA:372,66,0,4
BRDA:372,66,1,1
BRDA:374,67,0,1
BRDA:374,67,1,8
BRDA:377,68,0,1
BRDA:377,68,1,7
BRDA:384,69,0,2
BRDA:384,69,1,1
BRDA:399,70,0,26
BRDA:399,70,1,3
BRDA:400,71,0,1
BRDA:400,71,1,25
BRDA:401,72,0,1
BRDA:401,72,1,1
BRDA:403,73,0,1
BRDA:403,73,1,24
BRDA:406,74,0,2
BRDA:406,74,1,22
BRDA:413,75,0,2
BRDA:413,75,1,1
BRDA:428,76,0,1
BRDA:428,76,1,4
BRDA:431,77,0,4
BRDA:431,77,1,4
BRDA:441,78,0,1
BRDA:441,78,1,2
BRF:164
BRH:135
end_of_record
TN:
SF:C:\Users\Owner\Documents\GitHub\Intervals-In-Node\src\_utils.js
FN:3,(anonymous_1)
FN:17,(anonymous_2)
FN:19,(anonymous_3)
FN:30,(anonymous_4)
FNF:4
FNH:4
FNDA:2,(anonymous_1)
FNDA:3,(anonymous_2)
FNDA:92,(anonymous_3)
FNDA:103,(anonymous_4)
DA:1,1
DA:6,2
DA:7,1
DA:10,1
DA:11,1
DA:13,1
DA:17,1
DA:19,3
DA:20,92
DA:22,92
DA:23,460
DA:26,92
DA:30,1
DA:31,103
DA:32,85
DA:33,71
DA:35,18
DA:38,1
LF:18
LH:18
BRDA:6,1,0,1
BRDA:6,1,1,1
BRDA:6,2,0,2
BRDA:6,2,1,2
BRDA:10,3,0,1
BRDA:10,3,1,0
BRDA:11,4,0,1
BRDA:11,4,1,0
BRDA:31,5,0,85
BRDA:31,5,1,18
BRDA:32,6,0,14
BRDA:32,6,1,71
BRDA:32,7,0,85
BRDA:32,7,1,85
BRDA:33,8,0,71
BRDA:33,8,1,0
BRF:16
BRH:13
end_of_record
TN:
SF:C:\Users\Owner\Documents\GitHub\Intervals-In-Node\src\ContinuousRanges.js
FN:19,(anonymous_1)
FN:32,(anonymous_2)
FN:40,(anonymous_3)
FNF:3
FNH:1
FNDA:10,(anonymous_1)
FNDA:0,(anonymous_2)
FNDA:0,(anonymous_3)
DA:1,1
DA:2,1
DA:4,1
DA:5,1
DA:20,10
DA:21,10
DA:22,8
DA:27,8
DA:33,0
DA:34,0
DA:35,0
DA:41,0
DA:42,0
DA:46,1
LF:14
LH:9
BRF:0
BRH:0
end_of_record
