TN:
SF:C:\Users\Owner\Documents\GitHub\Intervals-In-Node\main.js
FNF:0
FNH:0
DA:1,1
DA:4,1
DA:6,1
DA:7,1
DA:8,1
DA:9,1
DA:10,1
DA:11,1
DA:12,1
LF:9
LH:9
BRF:0
BRH:0
end_of_record
TN:
SF:C:\Users\Owner\Documents\GitHub\Intervals-In-Node\src\DiscreteRanges.js
FN:18,(anonymous_1)
FN:46,(anonymous_2)
FN:56,(anonymous_3)
FN:66,(anonymous_4)
FN:75,(anonymous_5)
FN:97,(anonymous_6)
FN:113,(anonymous_7)
FN:129,(anonymous_8)
FN:145,(anonymous_9)
FN:165,(anonymous_10)
FN:182,(anonymous_11)
FN:190,(anonymous_12)
FNF:12
FNH:10
FNDA:42,(anonymous_1)
FNDA:4,(anonymous_2)
FNDA:2,(anonymous_3)
FNDA:3,(anonymous_4)
FNDA:5,(anonymous_5)
FNDA:39,(anonymous_6)
FNDA:1,(anonymous_7)
FNDA:3,(anonymous_8)
FNDA:3,(anonymous_9)
FNDA:4,(anonymous_10)
FNDA:0,(anonymous_11)
FNDA:0,(anonymous_12)
DA:1,1
DA:2,1
DA:4,1
DA:5,1
DA:19,42
DA:20,40
DA:21,40
DA:22,40
DA:23,0
DA:26,40
DA:27,40
DA:28,4
DA:30,40
DA:31,0
DA:32,0
DA:35,40
DA:36,40
DA:47,4
DA:57,2
DA:67,3
DA:68,0
DA:71,3
DA:77,5
DA:78,2
DA:81,3
DA:98,39
DA:99,39
DA:100,37
DA:105,37
DA:114,1
DA:130,3
DA:131,3
DA:136,3
DA:146,3
DA:147,0
DA:149,3
DA:151,3
DA:152,0
DA:155,3
DA:166,4
DA:167,0
DA:170,4
DA:172,4
DA:173,0
DA:176,4
DA:183,0
DA:184,0
DA:191,0
DA:196,1
LF:49
LH:38
BRDA:22,1,0,0
BRDA:22,1,1,40
BRDA:22,2,0,40
BRDA:22,2,1,32
BRDA:27,3,0,4
BRDA:27,3,1,36
BRDA:27,4,0,40
BRDA:27,4,1,32
BRDA:30,5,0,0
BRDA:30,5,1,40
BRDA:30,6,0,40
BRDA:30,6,1,32
BRDA:30,6,2,31
BRDA:67,7,0,0
BRDA:67,7,1,3
BRDA:67,8,0,3
BRDA:67,8,1,3
BRDA:77,9,0,2
BRDA:77,9,1,3
BRDA:146,10,0,0
BRDA:146,10,1,3
BRDA:151,11,0,0
BRDA:151,11,1,3
BRDA:166,12,0,0
BRDA:166,12,1,4
BRDA:172,13,0,0
BRDA:172,13,1,4
BRF:27
BRH:20
end_of_record
TN:
SF:C:\Users\Owner\Documents\GitHub\Intervals-In-Node\src\Range.js
FN:25,(anonymous_1)
FN:74,(anonymous_2)
FN:94,(anonymous_3)
FN:121,(anonymous_4)
FN:131,(anonymous_5)
FN:142,(anonymous_6)
FN:178,(anonymous_7)
FN:205,(anonymous_8)
FN:222,(anonymous_9)
FN:266,(anonymous_10)
FN:295,(anonymous_11)
FN:316,(anonymous_12)
FN:344,(anonymous_13)
FN:372,(anonymous_14)
FN:401,(anonymous_15)
FN:430,(anonymous_16)
FN:443,(anonymous_17)
FNF:17
FNH:17
FNDA:53,(anonymous_1)
FNDA:9,(anonymous_2)
FNDA:61,(anonymous_3)
FNDA:98,(anonymous_4)
FNDA:21,(anonymous_5)
FNDA:13,(anonymous_6)
FNDA:13,(anonymous_7)
FNDA:4,(anonymous_8)
FNDA:2,(anonymous_9)
FNDA:4,(anonymous_10)
FNDA:3,(anonymous_11)
FNDA:5,(anonymous_12)
FNDA:6,(anonymous_13)
FNDA:19,(anonymous_14)
FNDA:32,(anonymous_15)
FNDA:5,(anonymous_16)
FNDA:3,(anonymous_17)
DA:1,1
DA:9,1
DA:10,1
DA:26,53
DA:27,2
DA:30,51
DA:31,2
DA:34,49
DA:35,0
DA:38,49
DA:46,49
DA:51,49
DA:56,49
DA:61,49
DA:66,49
DA:75,9
DA:76,9
DA:77,9
DA:78,9
DA:79,9
DA:80,9
DA:95,61
DA:96,54
DA:97,54
DA:99,61
DA:100,54
DA:101,54
DA:103,61
DA:104,45
DA:105,45
DA:107,61
DA:108,6
DA:109,6
DA:111,61
DA:122,98
DA:132,21
DA:143,13
DA:144,10
DA:145,0
DA:147,10
DA:148,3
DA:151,7
DA:154,3
DA:155,2
DA:156,2
DA:157,2
DA:160,2
DA:161,2
DA:162,2
DA:165,2
DA:168,1
DA:179,13
DA:180,13
DA:181,0
DA:184,13
DA:185,11
DA:186,11
DA:189,2
DA:190,2
DA:193,13
DA:194,1
DA:196,12
DA:206,4
DA:207,2
DA:209,2
DA:210,0
DA:212,2
DA:223,2
DA:224,1
DA:226,1
DA:227,1
DA:228,1
DA:229,1
DA:230,1
DA:231,1
DA:234,0
DA:235,0
DA:238,1
DA:239,0
DA:242,1
DA:243,1
DA:244,0
DA:245,0
DA:247,1
DA:248,1
DA:249,1
DA:252,0
DA:253,0
DA:256,1
DA:267,4
DA:268,1
DA:271,3
DA:272,0
DA:274,3
DA:275,1
DA:277,2
DA:278,0
DA:280,2
DA:281,1
DA:283,1
DA:284,1
DA:296,3
DA:297,1
DA:300,2
DA:301,1
DA:304,1
DA:305,1
DA:307,1
DA:317,5
DA:318,3
DA:319,1
DA:322,2
DA:325,2
DA:326,2
DA:327,1
DA:330,1
DA:334,0
DA:345,6
DA:346,3
DA:347,3
DA:350,0
DA:353,3
DA:354,2
DA:355,1
DA:358,1
DA:362,1
DA:373,19
DA:374,16
DA:375,4
DA:377,12
DA:378,1
DA:380,11
DA:381,1
DA:384,10
DA:387,3
DA:388,2
DA:391,1
DA:402,32
DA:403,29
DA:404,1
DA:406,28
DA:407,1
DA:409,27
DA:410,2
DA:413,25
DA:416,3
DA:417,2
DA:420,1
DA:431,5
DA:432,1
DA:434,4
DA:444,3
DA:445,1
DA:447,2
DA:451,1
LF:155
LH:140
BRDA:26,1,0,2
BRDA:26,1,1,51
BRDA:26,2,0,53
BRDA:26,2,1,43
BRDA:30,3,0,2
BRDA:30,3,1,49
BRDA:30,4,0,51
BRDA:30,4,1,39
BRDA:34,5,0,0
BRDA:34,5,1,49
BRDA:34,6,0,49
BRDA:34,6,1,37
BRDA:34,6,2,34
BRDA:40,7,0,49
BRDA:40,7,1,10
BRDA:41,8,0,49
BRDA:41,8,1,12
BRDA:42,9,0,2
BRDA:42,9,1,47
BRDA:43,10,0,49
BRDA:43,10,1,44
BRDA:95,11,0,54
BRDA:95,11,1,7
BRDA:99,12,0,54
BRDA:99,12,1,7
BRDA:103,13,0,45
BRDA:103,13,1,16
BRDA:107,14,0,6
BRDA:107,14,1,55
BRDA:143,15,0,10
BRDA:143,15,1,3
BRDA:144,16,0,0
BRDA:144,16,1,10
BRDA:147,17,0,3
BRDA:147,17,1,7
BRDA:147,18,0,10
BRDA:147,18,1,10
BRDA:147,18,2,6
BRDA:154,19,0,2
BRDA:154,19,1,1
BRDA:156,20,0,2
BRDA:156,20,1,0
BRDA:161,21,0,2
BRDA:161,21,1,0
BRDA:165,22,0,2
BRDA:165,22,1,1
BRDA:180,23,0,0
BRDA:180,23,1,13
BRDA:180,24,0,13
BRDA:180,24,1,13
BRDA:184,25,0,11
BRDA:184,25,1,2
BRDA:193,26,0,1
BRDA:193,26,1,12
BRDA:193,27,0,13
BRDA:193,27,1,13
BRDA:196,28,0,12
BRDA:196,28,1,5
BRDA:196,28,2,3
BRDA:196,28,3,1
BRDA:206,29,0,2
BRDA:206,29,1,2
BRDA:209,30,0,0
BRDA:209,30,1,2
BRDA:209,31,0,2
BRDA:209,31,1,2
BRDA:212,32,0,2
BRDA:212,32,1,0
BRDA:212,32,2,2
BRDA:212,32,3,1
BRDA:223,33,0,1
BRDA:223,33,1,1
BRDA:226,34,0,0
BRDA:226,34,1,1
BRDA:227,35,0,0
BRDA:227,35,1,1
BRDA:229,36,0,1
BRDA:229,36,1,0
BRDA:238,37,0,0
BRDA:238,37,1,1
BRDA:238,38,0,1
BRDA:238,38,1,0
BRDA:243,39,0,0
BRDA:243,39,1,1
BRDA:245,40,0,0
BRDA:245,40,1,0
BRDA:247,41,0,1
BRDA:247,41,1,0
BRDA:267,42,0,1
BRDA:267,42,1,3
BRDA:271,43,0,0
BRDA:271,43,1,3
BRDA:271,44,0,3
BRDA:271,44,1,3
BRDA:271,44,2,3
BRDA:274,45,0,1
BRDA:274,45,1,2
BRDA:277,46,0,0
BRDA:277,46,1,2
BRDA:277,47,0,2
BRDA:277,47,1,0
BRDA:277,48,0,0
BRDA:277,48,1,0
BRDA:280,49,0,1
BRDA:280,49,1,1
BRDA:283,50,0,1
BRDA:283,50,1,0
BRDA:296,51,0,1
BRDA:296,51,1,2
BRDA:300,52,0,1
BRDA:300,52,1,1
BRDA:300,53,0,2
BRDA:300,53,1,2
BRDA:300,53,2,2
BRDA:304,54,0,1
BRDA:304,54,1,0
BRDA:305,55,0,1
BRDA:305,55,1,0
BRDA:317,56,0,3
BRDA:317,56,1,2
BRDA:318,57,0,1
BRDA:318,57,1,2
BRDA:325,58,0,2
BRDA:325,58,1,0
BRDA:326,59,0,1
BRDA:326,59,1,1
BRDA:345,60,0,3
BRDA:345,60,1,3
BRDA:346,61,0,3
BRDA:346,61,1,0
BRDA:353,62,0,2
BRDA:353,62,1,1
BRDA:354,63,0,1
BRDA:354,63,1,1
BRDA:373,64,0,16
BRDA:373,64,1,3
BRDA:374,65,0,4
BRDA:374,65,1,12
BRDA:375,66,0,4
BRDA:375,66,1,1
BRDA:377,67,0,1
BRDA:377,67,1,11
BRDA:380,68,0,1
BRDA:380,68,1,10
BRDA:387,69,0,2
BRDA:387,69,1,1
BRDA:402,70,0,29
BRDA:402,70,1,3
BRDA:403,71,0,1
BRDA:403,71,1,28
BRDA:404,72,0,1
BRDA:404,72,1,1
BRDA:406,73,0,1
BRDA:406,73,1,27
BRDA:409,74,0,2
BRDA:409,74,1,25
BRDA:416,75,0,2
BRDA:416,75,1,1
BRDA:431,76,0,1
BRDA:431,76,1,4
BRDA:434,77,0,4
BRDA:434,77,1,4
BRDA:444,78,0,1
BRDA:444,78,1,2
BRF:164
BRH:138
end_of_record
TN:
SF:C:\Users\Owner\Documents\GitHub\Intervals-In-Node\src\_utils.js
FN:3,(anonymous_1)
FN:17,(anonymous_2)
FN:19,(anonymous_3)
FN:30,(anonymous_4)
FNF:4
FNH:4
FNDA:2,(anonymous_1)
FNDA:3,(anonymous_2)
FNDA:92,(anonymous_3)
FNDA:103,(anonymous_4)
DA:1,1
DA:6,2
DA:7,1
DA:10,1
DA:11,1
DA:13,1
DA:17,1
DA:19,3
DA:20,92
DA:22,92
DA:23,460
DA:26,92
DA:30,1
DA:31,103
DA:32,85
DA:33,71
DA:35,18
DA:38,1
LF:18
LH:18
BRDA:6,1,0,1
BRDA:6,1,1,1
BRDA:6,2,0,2
BRDA:6,2,1,2
BRDA:10,3,0,1
BRDA:10,3,1,0
BRDA:11,4,0,1
BRDA:11,4,1,0
BRDA:31,5,0,85
BRDA:31,5,1,18
BRDA:32,6,0,14
BRDA:32,6,1,71
BRDA:32,7,0,85
BRDA:32,7,1,85
BRDA:33,8,0,71
BRDA:33,8,1,0
BRF:16
BRH:13
end_of_record
TN:
SF:C:\Users\Owner\Documents\GitHub\Intervals-In-Node\src\ContinuousRanges.js
FN:19,(anonymous_1)
FN:32,(anonymous_2)
FN:40,(anonymous_3)
FNF:3
FNH:1
FNDA:10,(anonymous_1)
FNDA:0,(anonymous_2)
FNDA:0,(anonymous_3)
DA:1,1
DA:2,1
DA:4,1
DA:5,1
DA:20,10
DA:21,10
DA:22,8
DA:27,8
DA:33,0
DA:34,0
DA:35,0
DA:41,0
DA:42,0
DA:46,1
LF:14
LH:9
BRF:0
BRH:0
end_of_record
